Analysis & Synthesis report for BMC_coding
Sun Sep 18 21:35:20 2022
Quartus Prime Version 21.1.1 Build 850 06/23/2022 SJ Lite Edition


---------------------
; Table of Contents ;
---------------------
  1. Legal Notice
  2. Analysis & Synthesis Summary
  3. Analysis & Synthesis Settings
  4. Parallel Compilation
  5. Analysis & Synthesis Source Files Read
  6. Analysis & Synthesis Resource Usage Summary
  7. Analysis & Synthesis Resource Utilization by Entity
  8. User-Specified and Inferred Latches
  9. Registers Removed During Synthesis
 10. General Register Statistics
 11. Port Connectivity Checks: "encoder:encoder"
 12. Post-Synthesis Netlist Statistics for Top Partition
 13. Elapsed Time Per Partition
 14. Analysis & Synthesis Messages



----------------
; Legal Notice ;
----------------
Copyright (C) 2022  Intel Corporation. All rights reserved.
Your use of Intel Corporation's design tools, logic functions 
and other software and tools, and any partner logic 
functions, and any output files from any of the foregoing 
(including device programming or simulation files), and any 
associated documentation or information are expressly subject 
to the terms and conditions of the Intel Program License 
Subscription Agreement, the Intel Quartus Prime License Agreement,
the Intel FPGA IP License Agreement, or other applicable license
agreement, including, without limitation, that your use is for
the sole purpose of programming logic devices manufactured by
Intel and sold by Intel or its authorized distributors.  Please
refer to the applicable agreement for further details, at
https://fpgasoftware.intel.com/eula.



+-------------------------------------------------------------------------------+
; Analysis & Synthesis Summary                                                  ;
+---------------------------------+---------------------------------------------+
; Analysis & Synthesis Status     ; Successful - Sun Sep 18 21:35:20 2022       ;
; Quartus Prime Version           ; 21.1.1 Build 850 06/23/2022 SJ Lite Edition ;
; Revision Name                   ; BMC_coding                                  ;
; Top-level Entity Name           ; BMC_coding                                  ;
; Family                          ; Cyclone V                                   ;
; Logic utilization (in ALMs)     ; N/A                                         ;
; Total registers                 ; 40                                          ;
; Total pins                      ; 66                                          ;
; Total virtual pins              ; 0                                           ;
; Total block memory bits         ; 0                                           ;
; Total DSP Blocks                ; 0                                           ;
; Total HSSI RX PCSs              ; 0                                           ;
; Total HSSI PMA RX Deserializers ; 0                                           ;
; Total HSSI TX PCSs              ; 0                                           ;
; Total HSSI PMA TX Serializers   ; 0                                           ;
; Total PLLs                      ; 0                                           ;
; Total DLLs                      ; 0                                           ;
+---------------------------------+---------------------------------------------+


+---------------------------------------------------------------------------------------------------------------------------+
; Analysis & Synthesis Settings                                                                                             ;
+---------------------------------------------------------------------------------+--------------------+--------------------+
; Option                                                                          ; Setting            ; Default Value      ;
+---------------------------------------------------------------------------------+--------------------+--------------------+
; Device                                                                          ; 5CGXFC7C7F23C8     ;                    ;
; Top-level entity name                                                           ; BMC_coding         ; BMC_coding         ;
; Family name                                                                     ; Cyclone V          ; Cyclone V          ;
; VHDL Show LMF Mapping Messages                                                  ; Off                ;                    ;
; Use smart compilation                                                           ; Off                ; Off                ;
; Enable parallel Assembler and Timing Analyzer during compilation                ; On                 ; On                 ;
; Enable compact report table                                                     ; Off                ; Off                ;
; Restructure Multiplexers                                                        ; Auto               ; Auto               ;
; MLAB Add Timing Constraints For Mixed-Port Feed-Through Mode Setting Don't Care ; Off                ; Off                ;
; Create Debugging Nodes for IP Cores                                             ; Off                ; Off                ;
; Preserve fewer node names                                                       ; On                 ; On                 ;
; Intel FPGA IP Evaluation Mode                                                   ; Enable             ; Enable             ;
; Verilog Version                                                                 ; Verilog_2001       ; Verilog_2001       ;
; VHDL Version                                                                    ; VHDL_1993          ; VHDL_1993          ;
; State Machine Processing                                                        ; Auto               ; Auto               ;
; Safe State Machine                                                              ; Off                ; Off                ;
; Extract Verilog State Machines                                                  ; On                 ; On                 ;
; Extract VHDL State Machines                                                     ; On                 ; On                 ;
; Ignore Verilog initial constructs                                               ; Off                ; Off                ;
; Iteration limit for constant Verilog loops                                      ; 5000               ; 5000               ;
; Iteration limit for non-constant Verilog loops                                  ; 250                ; 250                ;
; Add Pass-Through Logic to Inferred RAMs                                         ; On                 ; On                 ;
; Infer RAMs from Raw Logic                                                       ; On                 ; On                 ;
; Parallel Synthesis                                                              ; On                 ; On                 ;
; DSP Block Balancing                                                             ; Auto               ; Auto               ;
; NOT Gate Push-Back                                                              ; On                 ; On                 ;
; Power-Up Don't Care                                                             ; On                 ; On                 ;
; Remove Redundant Logic Cells                                                    ; Off                ; Off                ;
; Remove Duplicate Registers                                                      ; On                 ; On                 ;
; Ignore CARRY Buffers                                                            ; Off                ; Off                ;
; Ignore CASCADE Buffers                                                          ; Off                ; Off                ;
; Ignore GLOBAL Buffers                                                           ; Off                ; Off                ;
; Ignore ROW GLOBAL Buffers                                                       ; Off                ; Off                ;
; Ignore LCELL Buffers                                                            ; Off                ; Off                ;
; Ignore SOFT Buffers                                                             ; On                 ; On                 ;
; Limit AHDL Integers to 32 Bits                                                  ; Off                ; Off                ;
; Optimization Technique                                                          ; Balanced           ; Balanced           ;
; Carry Chain Length                                                              ; 70                 ; 70                 ;
; Auto Carry Chains                                                               ; On                 ; On                 ;
; Auto Open-Drain Pins                                                            ; On                 ; On                 ;
; Perform WYSIWYG Primitive Resynthesis                                           ; Off                ; Off                ;
; Auto ROM Replacement                                                            ; On                 ; On                 ;
; Auto RAM Replacement                                                            ; On                 ; On                 ;
; Auto DSP Block Replacement                                                      ; On                 ; On                 ;
; Auto Shift Register Replacement                                                 ; Auto               ; Auto               ;
; Allow Shift Register Merging across Hierarchies                                 ; Auto               ; Auto               ;
; Auto Clock Enable Replacement                                                   ; On                 ; On                 ;
; Strict RAM Replacement                                                          ; Off                ; Off                ;
; Allow Synchronous Control Signals                                               ; On                 ; On                 ;
; Force Use of Synchronous Clear Signals                                          ; Off                ; Off                ;
; Auto Resource Sharing                                                           ; Off                ; Off                ;
; Allow Any RAM Size For Recognition                                              ; Off                ; Off                ;
; Allow Any ROM Size For Recognition                                              ; Off                ; Off                ;
; Allow Any Shift Register Size For Recognition                                   ; Off                ; Off                ;
; Use LogicLock Constraints during Resource Balancing                             ; On                 ; On                 ;
; Ignore translate_off and synthesis_off directives                               ; Off                ; Off                ;
; Timing-Driven Synthesis                                                         ; On                 ; On                 ;
; Report Parameter Settings                                                       ; On                 ; On                 ;
; Report Source Assignments                                                       ; On                 ; On                 ;
; Report Connectivity Checks                                                      ; On                 ; On                 ;
; Ignore Maximum Fan-Out Assignments                                              ; Off                ; Off                ;
; Synchronization Register Chain Length                                           ; 3                  ; 3                  ;
; Power Optimization During Synthesis                                             ; Normal compilation ; Normal compilation ;
; HDL message level                                                               ; Level2             ; Level2             ;
; Suppress Register Optimization Related Messages                                 ; Off                ; Off                ;
; Number of Removed Registers Reported in Synthesis Report                        ; 5000               ; 5000               ;
; Number of Swept Nodes Reported in Synthesis Report                              ; 5000               ; 5000               ;
; Number of Inverted Registers Reported in Synthesis Report                       ; 100                ; 100                ;
; Clock MUX Protection                                                            ; On                 ; On                 ;
; Auto Gated Clock Conversion                                                     ; Off                ; Off                ;
; Block Design Naming                                                             ; Auto               ; Auto               ;
; SDC constraint protection                                                       ; Off                ; Off                ;
; Synthesis Effort                                                                ; Auto               ; Auto               ;
; Shift Register Replacement - Allow Asynchronous Clear Signal                    ; On                 ; On                 ;
; Pre-Mapping Resynthesis Optimization                                            ; Off                ; Off                ;
; Analysis & Synthesis Message Level                                              ; Medium             ; Medium             ;
; Disable Register Merging Across Hierarchies                                     ; Auto               ; Auto               ;
; Resource Aware Inference For Block RAM                                          ; On                 ; On                 ;
; Automatic Parallel Synthesis                                                    ; On                 ; On                 ;
; Partial Reconfiguration Bitstream ID                                            ; Off                ; Off                ;
+---------------------------------------------------------------------------------+--------------------+--------------------+


+------------------------------------------+
; Parallel Compilation                     ;
+----------------------------+-------------+
; Processors                 ; Number      ;
+----------------------------+-------------+
; Number detected on machine ; 8           ;
; Maximum allowed            ; 4           ;
;                            ;             ;
; Average used               ; 1.00        ;
; Maximum used               ; 4           ;
;                            ;             ;
; Usage by Processor         ; % Time Used ;
;     Processor 1            ; 100.0%      ;
;     Processors 2-4         ;   0.0%      ;
+----------------------------+-------------+


+---------------------------------------------------------------------------------------------------------------------------------------------------------------+
; Analysis & Synthesis Source Files Read                                                                                                                        ;
+------------------------------------------+-----------------+-----------------+----------------------------------------------------------------------+---------+
; File Name with User-Entered Path         ; Used in Netlist ; File Type       ; File Name with Absolute Path                                         ; Library ;
+------------------------------------------+-----------------+-----------------+----------------------------------------------------------------------+---------+
; BMC_coding.vhd                           ; yes             ; User VHDL File  ; D:/VHDL/projects/BMC_coding/BMC_coding.vhd                           ;         ;
; encoder/encoder.vhd                      ; yes             ; User VHDL File  ; D:/VHDL/projects/BMC_coding/encoder/encoder.vhd                      ;         ;
; components/registers/register_1_bit.vhd  ; yes             ; User VHDL File  ; D:/VHDL/projects/BMC_coding/components/registers/register_1_bit.vhd  ;         ;
; components/registers/register_4_bit.vhd  ; yes             ; User VHDL File  ; D:/VHDL/projects/BMC_coding/components/registers/register_4_bit.vhd  ;         ;
; components/registers/register_16_bit.vhd ; yes             ; User VHDL File  ; D:/VHDL/projects/BMC_coding/components/registers/register_16_bit.vhd ;         ;
; components/registers/register_32_bit.vhd ; yes             ; User VHDL File  ; D:/VHDL/projects/BMC_coding/components/registers/register_32_bit.vhd ;         ;
; components/xor_gates/xor_4_bit.vhd       ; yes             ; User VHDL File  ; D:/VHDL/projects/BMC_coding/components/xor_gates/xor_4_bit.vhd       ;         ;
; components/xor_gates/xor_16_bit.vhd      ; yes             ; User VHDL File  ; D:/VHDL/projects/BMC_coding/components/xor_gates/xor_16_bit.vhd      ;         ;
; components/xor_gates/xor_32_bit.vhd      ; yes             ; User VHDL File  ; D:/VHDL/projects/BMC_coding/components/xor_gates/xor_32_bit.vhd      ;         ;
; components/mux/mux_4_bit.vhd             ; yes             ; User VHDL File  ; D:/VHDL/projects/BMC_coding/components/mux/mux_4_bit.vhd             ;         ;
; components/mux/mux_16_bit.vhd            ; yes             ; User VHDL File  ; D:/VHDL/projects/BMC_coding/components/mux/mux_16_bit.vhd            ;         ;
; components/mux/mux_32_bit.vhd            ; yes             ; User VHDL File  ; D:/VHDL/projects/BMC_coding/components/mux/mux_32_bit.vhd            ;         ;
+------------------------------------------+-----------------+-----------------+----------------------------------------------------------------------+---------+


+---------------------------------------------------------+
; Analysis & Synthesis Resource Usage Summary             ;
+---------------------------------------------+-----------+
; Resource                                    ; Usage     ;
+---------------------------------------------+-----------+
; Estimate of Logic utilization (ALMs needed) ; 68        ;
;                                             ;           ;
; Combinational ALUT usage for logic          ; 136       ;
;     -- 7 input functions                    ; 0         ;
;     -- 6 input functions                    ; 0         ;
;     -- 5 input functions                    ; 16        ;
;     -- 4 input functions                    ; 8         ;
;     -- <=3 input functions                  ; 112       ;
;                                             ;           ;
; Dedicated logic registers                   ; 40        ;
;                                             ;           ;
; I/O pins                                    ; 66        ;
;                                             ;           ;
; Total DSP Blocks                            ; 0         ;
;                                             ;           ;
; Maximum fan-out node                        ; clk~input ;
; Maximum fan-out                             ; 72        ;
; Total fan-out                               ; 586       ;
; Average fan-out                             ; 1.90      ;
+---------------------------------------------+-----------+


+------------------------------------------------------------------------------------------------------------------------------------------------------------------------------------------------------------------------------------------------------------------------------------------------------------------------------------------------------------------------+
; Analysis & Synthesis Resource Utilization by Entity                                                                                                                                                                                                                                                                                                                    ;
+-----------------------------------------------------+---------------------+---------------------------+-------------------+------------+------+--------------+------------------------------------------------------------------------------------------------------------------------------------------------------------------------+-----------------+--------------+
; Compilation Hierarchy Node                          ; Combinational ALUTs ; Dedicated Logic Registers ; Block Memory Bits ; DSP Blocks ; Pins ; Virtual Pins ; Full Hierarchy Name                                                                                                                                                    ; Entity Name     ; Library Name ;
+-----------------------------------------------------+---------------------+---------------------------+-------------------+------------+------+--------------+------------------------------------------------------------------------------------------------------------------------------------------------------------------------+-----------------+--------------+
; |BMC_coding                                         ; 136 (64)            ; 40 (0)                    ; 0                 ; 0          ; 66   ; 0            ; |BMC_coding                                                                                                                                                            ; BMC_coding      ; work         ;
;    |encoder:encoder|                                ; 72 (0)              ; 40 (0)                    ; 0                 ; 0          ; 0    ; 0            ; |BMC_coding|encoder:encoder                                                                                                                                            ; encoder         ; work         ;
;       |mux_32_bit:mux_32_bit_ins1|                  ; 8 (0)               ; 0 (0)                     ; 0                 ; 0          ; 0    ; 0            ; |BMC_coding|encoder:encoder|mux_32_bit:mux_32_bit_ins1                                                                                                                 ; mux_32_bit      ; work         ;
;          |mux_16_bit:mux_16_bit_ins1|               ; 4 (0)               ; 0 (0)                     ; 0                 ; 0          ; 0    ; 0            ; |BMC_coding|encoder:encoder|mux_32_bit:mux_32_bit_ins1|mux_16_bit:mux_16_bit_ins1                                                                                      ; mux_16_bit      ; work         ;
;             |mux_4_bit:mux_4_bit_ins1|              ; 1 (1)               ; 0 (0)                     ; 0                 ; 0          ; 0    ; 0            ; |BMC_coding|encoder:encoder|mux_32_bit:mux_32_bit_ins1|mux_16_bit:mux_16_bit_ins1|mux_4_bit:mux_4_bit_ins1                                                             ; mux_4_bit       ; work         ;
;             |mux_4_bit:mux_4_bit_ins2|              ; 1 (1)               ; 0 (0)                     ; 0                 ; 0          ; 0    ; 0            ; |BMC_coding|encoder:encoder|mux_32_bit:mux_32_bit_ins1|mux_16_bit:mux_16_bit_ins1|mux_4_bit:mux_4_bit_ins2                                                             ; mux_4_bit       ; work         ;
;             |mux_4_bit:mux_4_bit_ins3|              ; 1 (1)               ; 0 (0)                     ; 0                 ; 0          ; 0    ; 0            ; |BMC_coding|encoder:encoder|mux_32_bit:mux_32_bit_ins1|mux_16_bit:mux_16_bit_ins1|mux_4_bit:mux_4_bit_ins3                                                             ; mux_4_bit       ; work         ;
;             |mux_4_bit:mux_4_bit_ins4|              ; 1 (1)               ; 0 (0)                     ; 0                 ; 0          ; 0    ; 0            ; |BMC_coding|encoder:encoder|mux_32_bit:mux_32_bit_ins1|mux_16_bit:mux_16_bit_ins1|mux_4_bit:mux_4_bit_ins4                                                             ; mux_4_bit       ; work         ;
;          |mux_16_bit:mux_16_bit_ins2|               ; 4 (0)               ; 0 (0)                     ; 0                 ; 0          ; 0    ; 0            ; |BMC_coding|encoder:encoder|mux_32_bit:mux_32_bit_ins1|mux_16_bit:mux_16_bit_ins2                                                                                      ; mux_16_bit      ; work         ;
;             |mux_4_bit:mux_4_bit_ins1|              ; 1 (1)               ; 0 (0)                     ; 0                 ; 0          ; 0    ; 0            ; |BMC_coding|encoder:encoder|mux_32_bit:mux_32_bit_ins1|mux_16_bit:mux_16_bit_ins2|mux_4_bit:mux_4_bit_ins1                                                             ; mux_4_bit       ; work         ;
;             |mux_4_bit:mux_4_bit_ins2|              ; 1 (1)               ; 0 (0)                     ; 0                 ; 0          ; 0    ; 0            ; |BMC_coding|encoder:encoder|mux_32_bit:mux_32_bit_ins1|mux_16_bit:mux_16_bit_ins2|mux_4_bit:mux_4_bit_ins2                                                             ; mux_4_bit       ; work         ;
;             |mux_4_bit:mux_4_bit_ins3|              ; 1 (1)               ; 0 (0)                     ; 0                 ; 0          ; 0    ; 0            ; |BMC_coding|encoder:encoder|mux_32_bit:mux_32_bit_ins1|mux_16_bit:mux_16_bit_ins2|mux_4_bit:mux_4_bit_ins3                                                             ; mux_4_bit       ; work         ;
;             |mux_4_bit:mux_4_bit_ins4|              ; 1 (1)               ; 0 (0)                     ; 0                 ; 0          ; 0    ; 0            ; |BMC_coding|encoder:encoder|mux_32_bit:mux_32_bit_ins1|mux_16_bit:mux_16_bit_ins2|mux_4_bit:mux_4_bit_ins4                                                             ; mux_4_bit       ; work         ;
;       |mux_32_bit:mux_32_bit_ins2|                  ; 32 (0)              ; 0 (0)                     ; 0                 ; 0          ; 0    ; 0            ; |BMC_coding|encoder:encoder|mux_32_bit:mux_32_bit_ins2                                                                                                                 ; mux_32_bit      ; work         ;
;          |mux_16_bit:mux_16_bit_ins1|               ; 16 (0)              ; 0 (0)                     ; 0                 ; 0          ; 0    ; 0            ; |BMC_coding|encoder:encoder|mux_32_bit:mux_32_bit_ins2|mux_16_bit:mux_16_bit_ins1                                                                                      ; mux_16_bit      ; work         ;
;             |mux_4_bit:mux_4_bit_ins1|              ; 4 (4)               ; 0 (0)                     ; 0                 ; 0          ; 0    ; 0            ; |BMC_coding|encoder:encoder|mux_32_bit:mux_32_bit_ins2|mux_16_bit:mux_16_bit_ins1|mux_4_bit:mux_4_bit_ins1                                                             ; mux_4_bit       ; work         ;
;             |mux_4_bit:mux_4_bit_ins2|              ; 4 (4)               ; 0 (0)                     ; 0                 ; 0          ; 0    ; 0            ; |BMC_coding|encoder:encoder|mux_32_bit:mux_32_bit_ins2|mux_16_bit:mux_16_bit_ins1|mux_4_bit:mux_4_bit_ins2                                                             ; mux_4_bit       ; work         ;
;             |mux_4_bit:mux_4_bit_ins3|              ; 4 (4)               ; 0 (0)                     ; 0                 ; 0          ; 0    ; 0            ; |BMC_coding|encoder:encoder|mux_32_bit:mux_32_bit_ins2|mux_16_bit:mux_16_bit_ins1|mux_4_bit:mux_4_bit_ins3                                                             ; mux_4_bit       ; work         ;
;             |mux_4_bit:mux_4_bit_ins4|              ; 4 (4)               ; 0 (0)                     ; 0                 ; 0          ; 0    ; 0            ; |BMC_coding|encoder:encoder|mux_32_bit:mux_32_bit_ins2|mux_16_bit:mux_16_bit_ins1|mux_4_bit:mux_4_bit_ins4                                                             ; mux_4_bit       ; work         ;
;          |mux_16_bit:mux_16_bit_ins2|               ; 16 (0)              ; 0 (0)                     ; 0                 ; 0          ; 0    ; 0            ; |BMC_coding|encoder:encoder|mux_32_bit:mux_32_bit_ins2|mux_16_bit:mux_16_bit_ins2                                                                                      ; mux_16_bit      ; work         ;
;             |mux_4_bit:mux_4_bit_ins1|              ; 4 (4)               ; 0 (0)                     ; 0                 ; 0          ; 0    ; 0            ; |BMC_coding|encoder:encoder|mux_32_bit:mux_32_bit_ins2|mux_16_bit:mux_16_bit_ins2|mux_4_bit:mux_4_bit_ins1                                                             ; mux_4_bit       ; work         ;
;             |mux_4_bit:mux_4_bit_ins2|              ; 4 (4)               ; 0 (0)                     ; 0                 ; 0          ; 0    ; 0            ; |BMC_coding|encoder:encoder|mux_32_bit:mux_32_bit_ins2|mux_16_bit:mux_16_bit_ins2|mux_4_bit:mux_4_bit_ins2                                                             ; mux_4_bit       ; work         ;
;             |mux_4_bit:mux_4_bit_ins3|              ; 4 (4)               ; 0 (0)                     ; 0                 ; 0          ; 0    ; 0            ; |BMC_coding|encoder:encoder|mux_32_bit:mux_32_bit_ins2|mux_16_bit:mux_16_bit_ins2|mux_4_bit:mux_4_bit_ins3                                                             ; mux_4_bit       ; work         ;
;             |mux_4_bit:mux_4_bit_ins4|              ; 4 (4)               ; 0 (0)                     ; 0                 ; 0          ; 0    ; 0            ; |BMC_coding|encoder:encoder|mux_32_bit:mux_32_bit_ins2|mux_16_bit:mux_16_bit_ins2|mux_4_bit:mux_4_bit_ins4                                                             ; mux_4_bit       ; work         ;
;       |register_32_bit:register_BMC_0|              ; 8 (0)               ; 16 (0)                    ; 0                 ; 0          ; 0    ; 0            ; |BMC_coding|encoder:encoder|register_32_bit:register_BMC_0                                                                                                             ; register_32_bit ; work         ;
;          |register_16_bit:register_16_bit_ins1|     ; 4 (0)               ; 8 (0)                     ; 0                 ; 0          ; 0    ; 0            ; |BMC_coding|encoder:encoder|register_32_bit:register_BMC_0|register_16_bit:register_16_bit_ins1                                                                        ; register_16_bit ; work         ;
;             |register_4_bit:register_4_bit_ins1|    ; 1 (0)               ; 2 (0)                     ; 0                 ; 0          ; 0    ; 0            ; |BMC_coding|encoder:encoder|register_32_bit:register_BMC_0|register_16_bit:register_16_bit_ins1|register_4_bit:register_4_bit_ins1                                     ; register_4_bit  ; work         ;
;                |register_1_bit:register_1_bit_ins1| ; 0 (0)               ; 1 (1)                     ; 0                 ; 0          ; 0    ; 0            ; |BMC_coding|encoder:encoder|register_32_bit:register_BMC_0|register_16_bit:register_16_bit_ins1|register_4_bit:register_4_bit_ins1|register_1_bit:register_1_bit_ins1  ; register_1_bit  ; work         ;
;                |register_1_bit:register_1_bit_ins2| ; 1 (1)               ; 1 (1)                     ; 0                 ; 0          ; 0    ; 0            ; |BMC_coding|encoder:encoder|register_32_bit:register_BMC_0|register_16_bit:register_16_bit_ins1|register_4_bit:register_4_bit_ins1|register_1_bit:register_1_bit_ins2  ; register_1_bit  ; work         ;
;             |register_4_bit:register_4_bit_ins2|    ; 1 (0)               ; 2 (0)                     ; 0                 ; 0          ; 0    ; 0            ; |BMC_coding|encoder:encoder|register_32_bit:register_BMC_0|register_16_bit:register_16_bit_ins1|register_4_bit:register_4_bit_ins2                                     ; register_4_bit  ; work         ;
;                |register_1_bit:register_1_bit_ins1| ; 0 (0)               ; 1 (1)                     ; 0                 ; 0          ; 0    ; 0            ; |BMC_coding|encoder:encoder|register_32_bit:register_BMC_0|register_16_bit:register_16_bit_ins1|register_4_bit:register_4_bit_ins2|register_1_bit:register_1_bit_ins1  ; register_1_bit  ; work         ;
;                |register_1_bit:register_1_bit_ins2| ; 1 (1)               ; 1 (1)                     ; 0                 ; 0          ; 0    ; 0            ; |BMC_coding|encoder:encoder|register_32_bit:register_BMC_0|register_16_bit:register_16_bit_ins1|register_4_bit:register_4_bit_ins2|register_1_bit:register_1_bit_ins2  ; register_1_bit  ; work         ;
;             |register_4_bit:register_4_bit_ins3|    ; 1 (0)               ; 2 (0)                     ; 0                 ; 0          ; 0    ; 0            ; |BMC_coding|encoder:encoder|register_32_bit:register_BMC_0|register_16_bit:register_16_bit_ins1|register_4_bit:register_4_bit_ins3                                     ; register_4_bit  ; work         ;
;                |register_1_bit:register_1_bit_ins1| ; 0 (0)               ; 1 (1)                     ; 0                 ; 0          ; 0    ; 0            ; |BMC_coding|encoder:encoder|register_32_bit:register_BMC_0|register_16_bit:register_16_bit_ins1|register_4_bit:register_4_bit_ins3|register_1_bit:register_1_bit_ins1  ; register_1_bit  ; work         ;
;                |register_1_bit:register_1_bit_ins2| ; 1 (1)               ; 1 (1)                     ; 0                 ; 0          ; 0    ; 0            ; |BMC_coding|encoder:encoder|register_32_bit:register_BMC_0|register_16_bit:register_16_bit_ins1|register_4_bit:register_4_bit_ins3|register_1_bit:register_1_bit_ins2  ; register_1_bit  ; work         ;
;             |register_4_bit:register_4_bit_ins4|    ; 1 (0)               ; 2 (0)                     ; 0                 ; 0          ; 0    ; 0            ; |BMC_coding|encoder:encoder|register_32_bit:register_BMC_0|register_16_bit:register_16_bit_ins1|register_4_bit:register_4_bit_ins4                                     ; register_4_bit  ; work         ;
;                |register_1_bit:register_1_bit_ins1| ; 0 (0)               ; 1 (1)                     ; 0                 ; 0          ; 0    ; 0            ; |BMC_coding|encoder:encoder|register_32_bit:register_BMC_0|register_16_bit:register_16_bit_ins1|register_4_bit:register_4_bit_ins4|register_1_bit:register_1_bit_ins1  ; register_1_bit  ; work         ;
;                |register_1_bit:register_1_bit_ins2| ; 1 (1)               ; 1 (1)                     ; 0                 ; 0          ; 0    ; 0            ; |BMC_coding|encoder:encoder|register_32_bit:register_BMC_0|register_16_bit:register_16_bit_ins1|register_4_bit:register_4_bit_ins4|register_1_bit:register_1_bit_ins2  ; register_1_bit  ; work         ;
;          |register_16_bit:register_16_bit_ins2|     ; 4 (0)               ; 8 (0)                     ; 0                 ; 0          ; 0    ; 0            ; |BMC_coding|encoder:encoder|register_32_bit:register_BMC_0|register_16_bit:register_16_bit_ins2                                                                        ; register_16_bit ; work         ;
;             |register_4_bit:register_4_bit_ins1|    ; 1 (0)               ; 2 (0)                     ; 0                 ; 0          ; 0    ; 0            ; |BMC_coding|encoder:encoder|register_32_bit:register_BMC_0|register_16_bit:register_16_bit_ins2|register_4_bit:register_4_bit_ins1                                     ; register_4_bit  ; work         ;
;                |register_1_bit:register_1_bit_ins1| ; 0 (0)               ; 1 (1)                     ; 0                 ; 0          ; 0    ; 0            ; |BMC_coding|encoder:encoder|register_32_bit:register_BMC_0|register_16_bit:register_16_bit_ins2|register_4_bit:register_4_bit_ins1|register_1_bit:register_1_bit_ins1  ; register_1_bit  ; work         ;
;                |register_1_bit:register_1_bit_ins2| ; 1 (1)               ; 1 (1)                     ; 0                 ; 0          ; 0    ; 0            ; |BMC_coding|encoder:encoder|register_32_bit:register_BMC_0|register_16_bit:register_16_bit_ins2|register_4_bit:register_4_bit_ins1|register_1_bit:register_1_bit_ins2  ; register_1_bit  ; work         ;
;             |register_4_bit:register_4_bit_ins2|    ; 1 (0)               ; 2 (0)                     ; 0                 ; 0          ; 0    ; 0            ; |BMC_coding|encoder:encoder|register_32_bit:register_BMC_0|register_16_bit:register_16_bit_ins2|register_4_bit:register_4_bit_ins2                                     ; register_4_bit  ; work         ;
;                |register_1_bit:register_1_bit_ins1| ; 0 (0)               ; 1 (1)                     ; 0                 ; 0          ; 0    ; 0            ; |BMC_coding|encoder:encoder|register_32_bit:register_BMC_0|register_16_bit:register_16_bit_ins2|register_4_bit:register_4_bit_ins2|register_1_bit:register_1_bit_ins1  ; register_1_bit  ; work         ;
;                |register_1_bit:register_1_bit_ins2| ; 1 (1)               ; 1 (1)                     ; 0                 ; 0          ; 0    ; 0            ; |BMC_coding|encoder:encoder|register_32_bit:register_BMC_0|register_16_bit:register_16_bit_ins2|register_4_bit:register_4_bit_ins2|register_1_bit:register_1_bit_ins2  ; register_1_bit  ; work         ;
;             |register_4_bit:register_4_bit_ins3|    ; 1 (0)               ; 2 (0)                     ; 0                 ; 0          ; 0    ; 0            ; |BMC_coding|encoder:encoder|register_32_bit:register_BMC_0|register_16_bit:register_16_bit_ins2|register_4_bit:register_4_bit_ins3                                     ; register_4_bit  ; work         ;
;                |register_1_bit:register_1_bit_ins1| ; 0 (0)               ; 1 (1)                     ; 0                 ; 0          ; 0    ; 0            ; |BMC_coding|encoder:encoder|register_32_bit:register_BMC_0|register_16_bit:register_16_bit_ins2|register_4_bit:register_4_bit_ins3|register_1_bit:register_1_bit_ins1  ; register_1_bit  ; work         ;
;                |register_1_bit:register_1_bit_ins2| ; 1 (1)               ; 1 (1)                     ; 0                 ; 0          ; 0    ; 0            ; |BMC_coding|encoder:encoder|register_32_bit:register_BMC_0|register_16_bit:register_16_bit_ins2|register_4_bit:register_4_bit_ins3|register_1_bit:register_1_bit_ins2  ; register_1_bit  ; work         ;
;             |register_4_bit:register_4_bit_ins4|    ; 1 (0)               ; 2 (0)                     ; 0                 ; 0          ; 0    ; 0            ; |BMC_coding|encoder:encoder|register_32_bit:register_BMC_0|register_16_bit:register_16_bit_ins2|register_4_bit:register_4_bit_ins4                                     ; register_4_bit  ; work         ;
;                |register_1_bit:register_1_bit_ins1| ; 0 (0)               ; 1 (1)                     ; 0                 ; 0          ; 0    ; 0            ; |BMC_coding|encoder:encoder|register_32_bit:register_BMC_0|register_16_bit:register_16_bit_ins2|register_4_bit:register_4_bit_ins4|register_1_bit:register_1_bit_ins1  ; register_1_bit  ; work         ;
;                |register_1_bit:register_1_bit_ins2| ; 1 (1)               ; 1 (1)                     ; 0                 ; 0          ; 0    ; 0            ; |BMC_coding|encoder:encoder|register_32_bit:register_BMC_0|register_16_bit:register_16_bit_ins2|register_4_bit:register_4_bit_ins4|register_1_bit:register_1_bit_ins2  ; register_1_bit  ; work         ;
;       |register_32_bit:register_parity|             ; 24 (0)              ; 24 (0)                    ; 0                 ; 0          ; 0    ; 0            ; |BMC_coding|encoder:encoder|register_32_bit:register_parity                                                                                                            ; register_32_bit ; work         ;
;          |register_16_bit:register_16_bit_ins1|     ; 12 (0)              ; 12 (0)                    ; 0                 ; 0          ; 0    ; 0            ; |BMC_coding|encoder:encoder|register_32_bit:register_parity|register_16_bit:register_16_bit_ins1                                                                       ; register_16_bit ; work         ;
;             |register_4_bit:register_4_bit_ins1|    ; 3 (0)               ; 3 (0)                     ; 0                 ; 0          ; 0    ; 0            ; |BMC_coding|encoder:encoder|register_32_bit:register_parity|register_16_bit:register_16_bit_ins1|register_4_bit:register_4_bit_ins1                                    ; register_4_bit  ; work         ;
;                |register_1_bit:register_1_bit_ins1| ; 1 (1)               ; 1 (1)                     ; 0                 ; 0          ; 0    ; 0            ; |BMC_coding|encoder:encoder|register_32_bit:register_parity|register_16_bit:register_16_bit_ins1|register_4_bit:register_4_bit_ins1|register_1_bit:register_1_bit_ins1 ; register_1_bit  ; work         ;
;                |register_1_bit:register_1_bit_ins3| ; 1 (1)               ; 1 (1)                     ; 0                 ; 0          ; 0    ; 0            ; |BMC_coding|encoder:encoder|register_32_bit:register_parity|register_16_bit:register_16_bit_ins1|register_4_bit:register_4_bit_ins1|register_1_bit:register_1_bit_ins3 ; register_1_bit  ; work         ;
;                |register_1_bit:register_1_bit_ins4| ; 1 (1)               ; 1 (1)                     ; 0                 ; 0          ; 0    ; 0            ; |BMC_coding|encoder:encoder|register_32_bit:register_parity|register_16_bit:register_16_bit_ins1|register_4_bit:register_4_bit_ins1|register_1_bit:register_1_bit_ins4 ; register_1_bit  ; work         ;
;             |register_4_bit:register_4_bit_ins2|    ; 3 (0)               ; 3 (0)                     ; 0                 ; 0          ; 0    ; 0            ; |BMC_coding|encoder:encoder|register_32_bit:register_parity|register_16_bit:register_16_bit_ins1|register_4_bit:register_4_bit_ins2                                    ; register_4_bit  ; work         ;
;                |register_1_bit:register_1_bit_ins1| ; 1 (1)               ; 1 (1)                     ; 0                 ; 0          ; 0    ; 0            ; |BMC_coding|encoder:encoder|register_32_bit:register_parity|register_16_bit:register_16_bit_ins1|register_4_bit:register_4_bit_ins2|register_1_bit:register_1_bit_ins1 ; register_1_bit  ; work         ;
;                |register_1_bit:register_1_bit_ins3| ; 1 (1)               ; 1 (1)                     ; 0                 ; 0          ; 0    ; 0            ; |BMC_coding|encoder:encoder|register_32_bit:register_parity|register_16_bit:register_16_bit_ins1|register_4_bit:register_4_bit_ins2|register_1_bit:register_1_bit_ins3 ; register_1_bit  ; work         ;
;                |register_1_bit:register_1_bit_ins4| ; 1 (1)               ; 1 (1)                     ; 0                 ; 0          ; 0    ; 0            ; |BMC_coding|encoder:encoder|register_32_bit:register_parity|register_16_bit:register_16_bit_ins1|register_4_bit:register_4_bit_ins2|register_1_bit:register_1_bit_ins4 ; register_1_bit  ; work         ;
;             |register_4_bit:register_4_bit_ins3|    ; 3 (0)               ; 3 (0)                     ; 0                 ; 0          ; 0    ; 0            ; |BMC_coding|encoder:encoder|register_32_bit:register_parity|register_16_bit:register_16_bit_ins1|register_4_bit:register_4_bit_ins3                                    ; register_4_bit  ; work         ;
;                |register_1_bit:register_1_bit_ins1| ; 1 (1)               ; 1 (1)                     ; 0                 ; 0          ; 0    ; 0            ; |BMC_coding|encoder:encoder|register_32_bit:register_parity|register_16_bit:register_16_bit_ins1|register_4_bit:register_4_bit_ins3|register_1_bit:register_1_bit_ins1 ; register_1_bit  ; work         ;
;                |register_1_bit:register_1_bit_ins3| ; 1 (1)               ; 1 (1)                     ; 0                 ; 0          ; 0    ; 0            ; |BMC_coding|encoder:encoder|register_32_bit:register_parity|register_16_bit:register_16_bit_ins1|register_4_bit:register_4_bit_ins3|register_1_bit:register_1_bit_ins3 ; register_1_bit  ; work         ;
;                |register_1_bit:register_1_bit_ins4| ; 1 (1)               ; 1 (1)                     ; 0                 ; 0          ; 0    ; 0            ; |BMC_coding|encoder:encoder|register_32_bit:register_parity|register_16_bit:register_16_bit_ins1|register_4_bit:register_4_bit_ins3|register_1_bit:register_1_bit_ins4 ; register_1_bit  ; work         ;
;             |register_4_bit:register_4_bit_ins4|    ; 3 (0)               ; 3 (0)                     ; 0                 ; 0          ; 0    ; 0            ; |BMC_coding|encoder:encoder|register_32_bit:register_parity|register_16_bit:register_16_bit_ins1|register_4_bit:register_4_bit_ins4                                    ; register_4_bit  ; work         ;
;                |register_1_bit:register_1_bit_ins1| ; 1 (1)               ; 1 (1)                     ; 0                 ; 0          ; 0    ; 0            ; |BMC_coding|encoder:encoder|register_32_bit:register_parity|register_16_bit:register_16_bit_ins1|register_4_bit:register_4_bit_ins4|register_1_bit:register_1_bit_ins1 ; register_1_bit  ; work         ;
;                |register_1_bit:register_1_bit_ins3| ; 1 (1)               ; 1 (1)                     ; 0                 ; 0          ; 0    ; 0            ; |BMC_coding|encoder:encoder|register_32_bit:register_parity|register_16_bit:register_16_bit_ins1|register_4_bit:register_4_bit_ins4|register_1_bit:register_1_bit_ins3 ; register_1_bit  ; work         ;
;                |register_1_bit:register_1_bit_ins4| ; 1 (1)               ; 1 (1)                     ; 0                 ; 0          ; 0    ; 0            ; |BMC_coding|encoder:encoder|register_32_bit:register_parity|register_16_bit:register_16_bit_ins1|register_4_bit:register_4_bit_ins4|register_1_bit:register_1_bit_ins4 ; register_1_bit  ; work         ;
;          |register_16_bit:register_16_bit_ins2|     ; 12 (0)              ; 12 (0)                    ; 0                 ; 0          ; 0    ; 0            ; |BMC_coding|encoder:encoder|register_32_bit:register_parity|register_16_bit:register_16_bit_ins2                                                                       ; register_16_bit ; work         ;
;             |register_4_bit:register_4_bit_ins1|    ; 3 (0)               ; 3 (0)                     ; 0                 ; 0          ; 0    ; 0            ; |BMC_coding|encoder:encoder|register_32_bit:register_parity|register_16_bit:register_16_bit_ins2|register_4_bit:register_4_bit_ins1                                    ; register_4_bit  ; work         ;
;                |register_1_bit:register_1_bit_ins1| ; 1 (1)               ; 1 (1)                     ; 0                 ; 0          ; 0    ; 0            ; |BMC_coding|encoder:encoder|register_32_bit:register_parity|register_16_bit:register_16_bit_ins2|register_4_bit:register_4_bit_ins1|register_1_bit:register_1_bit_ins1 ; register_1_bit  ; work         ;
;                |register_1_bit:register_1_bit_ins3| ; 1 (1)               ; 1 (1)                     ; 0                 ; 0          ; 0    ; 0            ; |BMC_coding|encoder:encoder|register_32_bit:register_parity|register_16_bit:register_16_bit_ins2|register_4_bit:register_4_bit_ins1|register_1_bit:register_1_bit_ins3 ; register_1_bit  ; work         ;
;                |register_1_bit:register_1_bit_ins4| ; 1 (1)               ; 1 (1)                     ; 0                 ; 0          ; 0    ; 0            ; |BMC_coding|encoder:encoder|register_32_bit:register_parity|register_16_bit:register_16_bit_ins2|register_4_bit:register_4_bit_ins1|register_1_bit:register_1_bit_ins4 ; register_1_bit  ; work         ;
;             |register_4_bit:register_4_bit_ins2|    ; 3 (0)               ; 3 (0)                     ; 0                 ; 0          ; 0    ; 0            ; |BMC_coding|encoder:encoder|register_32_bit:register_parity|register_16_bit:register_16_bit_ins2|register_4_bit:register_4_bit_ins2                                    ; register_4_bit  ; work         ;
;                |register_1_bit:register_1_bit_ins1| ; 1 (1)               ; 1 (1)                     ; 0                 ; 0          ; 0    ; 0            ; |BMC_coding|encoder:encoder|register_32_bit:register_parity|register_16_bit:register_16_bit_ins2|register_4_bit:register_4_bit_ins2|register_1_bit:register_1_bit_ins1 ; register_1_bit  ; work         ;
;                |register_1_bit:register_1_bit_ins3| ; 1 (1)               ; 1 (1)                     ; 0                 ; 0          ; 0    ; 0            ; |BMC_coding|encoder:encoder|register_32_bit:register_parity|register_16_bit:register_16_bit_ins2|register_4_bit:register_4_bit_ins2|register_1_bit:register_1_bit_ins3 ; register_1_bit  ; work         ;
;                |register_1_bit:register_1_bit_ins4| ; 1 (1)               ; 1 (1)                     ; 0                 ; 0          ; 0    ; 0            ; |BMC_coding|encoder:encoder|register_32_bit:register_parity|register_16_bit:register_16_bit_ins2|register_4_bit:register_4_bit_ins2|register_1_bit:register_1_bit_ins4 ; register_1_bit  ; work         ;
;             |register_4_bit:register_4_bit_ins3|    ; 3 (0)               ; 3 (0)                     ; 0                 ; 0          ; 0    ; 0            ; |BMC_coding|encoder:encoder|register_32_bit:register_parity|register_16_bit:register_16_bit_ins2|register_4_bit:register_4_bit_ins3                                    ; register_4_bit  ; work         ;
;                |register_1_bit:register_1_bit_ins1| ; 1 (1)               ; 1 (1)                     ; 0                 ; 0          ; 0    ; 0            ; |BMC_coding|encoder:encoder|register_32_bit:register_parity|register_16_bit:register_16_bit_ins2|register_4_bit:register_4_bit_ins3|register_1_bit:register_1_bit_ins1 ; register_1_bit  ; work         ;
;                |register_1_bit:register_1_bit_ins3| ; 1 (1)               ; 1 (1)                     ; 0                 ; 0          ; 0    ; 0            ; |BMC_coding|encoder:encoder|register_32_bit:register_parity|register_16_bit:register_16_bit_ins2|register_4_bit:register_4_bit_ins3|register_1_bit:register_1_bit_ins3 ; register_1_bit  ; work         ;
;                |register_1_bit:register_1_bit_ins4| ; 1 (1)               ; 1 (1)                     ; 0                 ; 0          ; 0    ; 0            ; |BMC_coding|encoder:encoder|register_32_bit:register_parity|register_16_bit:register_16_bit_ins2|register_4_bit:register_4_bit_ins3|register_1_bit:register_1_bit_ins4 ; register_1_bit  ; work         ;
;             |register_4_bit:register_4_bit_ins4|    ; 3 (0)               ; 3 (0)                     ; 0                 ; 0          ; 0    ; 0            ; |BMC_coding|encoder:encoder|register_32_bit:register_parity|register_16_bit:register_16_bit_ins2|register_4_bit:register_4_bit_ins4                                    ; register_4_bit  ; work         ;
;                |register_1_bit:register_1_bit_ins1| ; 1 (1)               ; 1 (1)                     ; 0                 ; 0          ; 0    ; 0            ; |BMC_coding|encoder:encoder|register_32_bit:register_parity|register_16_bit:register_16_bit_ins2|register_4_bit:register_4_bit_ins4|register_1_bit:register_1_bit_ins1 ; register_1_bit  ; work         ;
;                |register_1_bit:register_1_bit_ins3| ; 1 (1)               ; 1 (1)                     ; 0                 ; 0          ; 0    ; 0            ; |BMC_coding|encoder:encoder|register_32_bit:register_parity|register_16_bit:register_16_bit_ins2|register_4_bit:register_4_bit_ins4|register_1_bit:register_1_bit_ins3 ; register_1_bit  ; work         ;
;                |register_1_bit:register_1_bit_ins4| ; 1 (1)               ; 1 (1)                     ; 0                 ; 0          ; 0    ; 0            ; |BMC_coding|encoder:encoder|register_32_bit:register_parity|register_16_bit:register_16_bit_ins2|register_4_bit:register_4_bit_ins4|register_1_bit:register_1_bit_ins4 ; register_1_bit  ; work         ;
+-----------------------------------------------------+---------------------+---------------------------+-------------------+------------+------+--------------+------------------------------------------------------------------------------------------------------------------------------------------------------------------------+-----------------+--------------+
Note: For table entries with two numbers listed, the numbers in parentheses indicate the number of resources of the given type used by the specific entity alone. The numbers listed outside of parentheses indicate the total resources of the given type used by the specific entity and all of its sub-entities in the hierarchy.


+----------------------------------------------------------------------------------------------------+
; User-Specified and Inferred Latches                                                                ;
+-----------------------------------------------------+---------------------+------------------------+
; Latch Name                                          ; Latch Enable Signal ; Free of Timing Hazards ;
+-----------------------------------------------------+---------------------+------------------------+
; output[0]$latch                                     ; mode                ; yes                    ;
; output[1]$latch                                     ; mode                ; yes                    ;
; output[2]$latch                                     ; mode                ; yes                    ;
; output[3]$latch                                     ; mode                ; yes                    ;
; output[4]$latch                                     ; mode                ; yes                    ;
; output[5]$latch                                     ; mode                ; yes                    ;
; output[6]$latch                                     ; mode                ; yes                    ;
; output[7]$latch                                     ; mode                ; yes                    ;
; output[8]$latch                                     ; mode                ; yes                    ;
; output[9]$latch                                     ; mode                ; yes                    ;
; output[10]$latch                                    ; mode                ; yes                    ;
; output[11]$latch                                    ; mode                ; yes                    ;
; output[12]$latch                                    ; mode                ; yes                    ;
; output[13]$latch                                    ; mode                ; yes                    ;
; output[14]$latch                                    ; mode                ; yes                    ;
; output[15]$latch                                    ; mode                ; yes                    ;
; output[16]$latch                                    ; mode                ; yes                    ;
; output[17]$latch                                    ; mode                ; yes                    ;
; output[18]$latch                                    ; mode                ; yes                    ;
; output[19]$latch                                    ; mode                ; yes                    ;
; output[20]$latch                                    ; mode                ; yes                    ;
; output[21]$latch                                    ; mode                ; yes                    ;
; output[22]$latch                                    ; mode                ; yes                    ;
; output[23]$latch                                    ; mode                ; yes                    ;
; output[24]$latch                                    ; mode                ; yes                    ;
; output[25]$latch                                    ; mode                ; yes                    ;
; output[26]$latch                                    ; mode                ; yes                    ;
; output[27]$latch                                    ; mode                ; yes                    ;
; output[28]$latch                                    ; mode                ; yes                    ;
; output[29]$latch                                    ; mode                ; yes                    ;
; output[30]$latch                                    ; mode                ; yes                    ;
; output[31]$latch                                    ; mode                ; yes                    ;
; data[0]                                             ; mode                ; yes                    ;
; data[1]                                             ; mode                ; yes                    ;
; data[2]                                             ; mode                ; yes                    ;
; data[3]                                             ; mode                ; yes                    ;
; data[4]                                             ; mode                ; yes                    ;
; data[5]                                             ; mode                ; yes                    ;
; data[6]                                             ; mode                ; yes                    ;
; data[7]                                             ; mode                ; yes                    ;
; data[8]                                             ; mode                ; yes                    ;
; data[9]                                             ; mode                ; yes                    ;
; data[10]                                            ; mode                ; yes                    ;
; data[11]                                            ; mode                ; yes                    ;
; data[12]                                            ; mode                ; yes                    ;
; data[13]                                            ; mode                ; yes                    ;
; data[14]                                            ; mode                ; yes                    ;
; data[15]                                            ; mode                ; yes                    ;
; data[16]                                            ; mode                ; yes                    ;
; data[17]                                            ; mode                ; yes                    ;
; data[18]                                            ; mode                ; yes                    ;
; data[19]                                            ; mode                ; yes                    ;
; data[20]                                            ; mode                ; yes                    ;
; data[21]                                            ; mode                ; yes                    ;
; data[22]                                            ; mode                ; yes                    ;
; data[23]                                            ; mode                ; yes                    ;
; data[24]                                            ; mode                ; yes                    ;
; data[25]                                            ; mode                ; yes                    ;
; data[26]                                            ; mode                ; yes                    ;
; data[27]                                            ; mode                ; yes                    ;
; data[28]                                            ; mode                ; yes                    ;
; data[29]                                            ; mode                ; yes                    ;
; data[30]                                            ; mode                ; yes                    ;
; data[31]                                            ; mode                ; yes                    ;
; Number of user-specified and inferred latches = 64  ;                     ;                        ;
+-----------------------------------------------------+---------------------+------------------------+
Note: All latches listed above may not be present at the end of synthesis due to various synthesis optimizations.


+----------------------------------------------------------------------------------------------------------------------------------------------------------------------------------------------------------------------------------------------------------------------------------------------------------------------------------------+
; Registers Removed During Synthesis                                                                                                                                                                                                                                                                                                     ;
+--------------------------------------------------------------------------------------------------------------------------------------------------------------+-------------------------------------------------------------------------------------------------------------------------------------------------------------------------+
; Register name                                                                                                                                                ; Reason for Removal                                                                                                                                                      ;
+--------------------------------------------------------------------------------------------------------------------------------------------------------------+-------------------------------------------------------------------------------------------------------------------------------------------------------------------------+
; encoder:encoder|register_32_bit:register_parity|register_16_bit:register_16_bit_ins1|register_4_bit:register_4_bit_ins1|register_1_bit:register_1_bit_ins2|q ; Merged with encoder:encoder|register_32_bit:register_BMC_0|register_16_bit:register_16_bit_ins1|register_4_bit:register_4_bit_ins1|register_1_bit:register_1_bit_ins2|q ;
; encoder:encoder|register_32_bit:register_parity|register_16_bit:register_16_bit_ins1|register_4_bit:register_4_bit_ins2|register_1_bit:register_1_bit_ins2|q ; Merged with encoder:encoder|register_32_bit:register_BMC_0|register_16_bit:register_16_bit_ins1|register_4_bit:register_4_bit_ins2|register_1_bit:register_1_bit_ins2|q ;
; encoder:encoder|register_32_bit:register_parity|register_16_bit:register_16_bit_ins1|register_4_bit:register_4_bit_ins3|register_1_bit:register_1_bit_ins2|q ; Merged with encoder:encoder|register_32_bit:register_BMC_0|register_16_bit:register_16_bit_ins1|register_4_bit:register_4_bit_ins3|register_1_bit:register_1_bit_ins2|q ;
; encoder:encoder|register_32_bit:register_parity|register_16_bit:register_16_bit_ins1|register_4_bit:register_4_bit_ins4|register_1_bit:register_1_bit_ins2|q ; Merged with encoder:encoder|register_32_bit:register_BMC_0|register_16_bit:register_16_bit_ins1|register_4_bit:register_4_bit_ins4|register_1_bit:register_1_bit_ins2|q ;
; encoder:encoder|register_32_bit:register_parity|register_16_bit:register_16_bit_ins2|register_4_bit:register_4_bit_ins1|register_1_bit:register_1_bit_ins2|q ; Merged with encoder:encoder|register_32_bit:register_BMC_0|register_16_bit:register_16_bit_ins2|register_4_bit:register_4_bit_ins1|register_1_bit:register_1_bit_ins2|q ;
; encoder:encoder|register_32_bit:register_parity|register_16_bit:register_16_bit_ins2|register_4_bit:register_4_bit_ins2|register_1_bit:register_1_bit_ins2|q ; Merged with encoder:encoder|register_32_bit:register_BMC_0|register_16_bit:register_16_bit_ins2|register_4_bit:register_4_bit_ins2|register_1_bit:register_1_bit_ins2|q ;
; encoder:encoder|register_32_bit:register_parity|register_16_bit:register_16_bit_ins2|register_4_bit:register_4_bit_ins3|register_1_bit:register_1_bit_ins2|q ; Merged with encoder:encoder|register_32_bit:register_BMC_0|register_16_bit:register_16_bit_ins2|register_4_bit:register_4_bit_ins3|register_1_bit:register_1_bit_ins2|q ;
; encoder:encoder|register_32_bit:register_parity|register_16_bit:register_16_bit_ins2|register_4_bit:register_4_bit_ins4|register_1_bit:register_1_bit_ins2|q ; Merged with encoder:encoder|register_32_bit:register_BMC_0|register_16_bit:register_16_bit_ins2|register_4_bit:register_4_bit_ins4|register_1_bit:register_1_bit_ins2|q ;
; Total Number of Removed Registers = 8                                                                                                                        ;                                                                                                                                                                         ;
+--------------------------------------------------------------------------------------------------------------------------------------------------------------+-------------------------------------------------------------------------------------------------------------------------------------------------------------------------+


+------------------------------------------------------+
; General Register Statistics                          ;
+----------------------------------------------+-------+
; Statistic                                    ; Value ;
+----------------------------------------------+-------+
; Total registers                              ; 40    ;
; Number of registers using Synchronous Clear  ; 0     ;
; Number of registers using Synchronous Load   ; 0     ;
; Number of registers using Asynchronous Clear ; 0     ;
; Number of registers using Asynchronous Load  ; 0     ;
; Number of registers using Clock Enable       ; 0     ;
; Number of registers using Preset             ; 0     ;
+----------------------------------------------+-------+


+---------------------------------------------+
; Port Connectivity Checks: "encoder:encoder" ;
+------+-------+----------+-------------------+
; Port ; Type  ; Severity ; Details           ;
+------+-------+----------+-------------------+
; clr  ; Input ; Info     ; Stuck at GND      ;
+------+-------+----------+-------------------+


+-----------------------------------------------------+
; Post-Synthesis Netlist Statistics for Top Partition ;
+-----------------------+-----------------------------+
; Type                  ; Count                       ;
+-----------------------+-----------------------------+
; arriav_ff             ; 40                          ;
;     plain             ; 40                          ;
; arriav_lcell_comb     ; 136                         ;
;     normal            ; 136                         ;
;         2 data inputs ; 40                          ;
;         3 data inputs ; 72                          ;
;         4 data inputs ; 8                           ;
;         5 data inputs ; 16                          ;
; boundary_port         ; 66                          ;
;                       ;                             ;
; Max LUT depth         ; 2.00                        ;
; Average LUT depth     ; 1.50                        ;
+-----------------------+-----------------------------+


+-------------------------------+
; Elapsed Time Per Partition    ;
+----------------+--------------+
; Partition Name ; Elapsed Time ;
+----------------+--------------+
; Top            ; 00:00:01     ;
+----------------+--------------+


+-------------------------------+
; Analysis & Synthesis Messages ;
+-------------------------------+
Info: *******************************************************************
Info: Running Quartus Prime Analysis & Synthesis
    Info: Version 21.1.1 Build 850 06/23/2022 SJ Lite Edition
    Info: Processing started: Sun Sep 18 21:34:55 2022
Info: Command: quartus_map --read_settings_files=on --write_settings_files=off BMC_coding -c BMC_coding
Warning (18236): Number of processors has not been specified which may cause overloading on shared machines.  Set the global assignment NUM_PARALLEL_PROCESSORS in your QSF to an appropriate value for best performance.
Info (20030): Parallel compilation is enabled and will use 4 of the 4 processors detected
Info (12021): Found 2 design units, including 1 entities, in source file bmc_coding.vhd
    Info (12022): Found design unit 1: BMC_coding-rtl File: D:/VHDL/projects/BMC_coding/BMC_coding.vhd Line: 16
    Info (12023): Found entity 1: BMC_coding File: D:/VHDL/projects/BMC_coding/BMC_coding.vhd Line: 5
Info (12021): Found 2 design units, including 1 entities, in source file encoder/encoder.vhd
    Info (12022): Found design unit 1: encoder-rtl File: D:/VHDL/projects/BMC_coding/encoder/encoder.vhd Line: 14
    Info (12023): Found entity 1: encoder File: D:/VHDL/projects/BMC_coding/encoder/encoder.vhd Line: 4
Info (12021): Found 2 design units, including 1 entities, in source file components/registers/register_1_bit.vhd
    Info (12022): Found design unit 1: register_1_bit-rtl File: D:/VHDL/projects/BMC_coding/components/registers/register_1_bit.vhd Line: 14
    Info (12023): Found entity 1: register_1_bit File: D:/VHDL/projects/BMC_coding/components/registers/register_1_bit.vhd Line: 4
Info (12021): Found 2 design units, including 1 entities, in source file components/registers/register_4_bit.vhd
    Info (12022): Found design unit 1: register_4_bit-rtl File: D:/VHDL/projects/BMC_coding/components/registers/register_4_bit.vhd Line: 13
    Info (12023): Found entity 1: register_4_bit File: D:/VHDL/projects/BMC_coding/components/registers/register_4_bit.vhd Line: 4
Info (12021): Found 2 design units, including 1 entities, in source file components/registers/register_16_bit.vhd
    Info (12022): Found design unit 1: register_16_bit-rtl File: D:/VHDL/projects/BMC_coding/components/registers/register_16_bit.vhd Line: 13
    Info (12023): Found entity 1: register_16_bit File: D:/VHDL/projects/BMC_coding/components/registers/register_16_bit.vhd Line: 4
Info (12021): Found 2 design units, including 1 entities, in source file components/registers/register_32_bit.vhd
    Info (12022): Found design unit 1: register_32_bit-rtl File: D:/VHDL/projects/BMC_coding/components/registers/register_32_bit.vhd Line: 13
    Info (12023): Found entity 1: register_32_bit File: D:/VHDL/projects/BMC_coding/components/registers/register_32_bit.vhd Line: 4
Info (12021): Found 2 design units, including 1 entities, in source file components/xor_gates/xor_4_bit.vhd
    Info (12022): Found design unit 1: xor_4_bit-rtl File: D:/VHDL/projects/BMC_coding/components/xor_gates/xor_4_bit.vhd Line: 14
    Info (12023): Found entity 1: xor_4_bit File: D:/VHDL/projects/BMC_coding/components/xor_gates/xor_4_bit.vhd Line: 5
Info (12021): Found 2 design units, including 1 entities, in source file components/xor_gates/xor_16_bit.vhd
    Info (12022): Found design unit 1: xor_16_bit-rtl File: D:/VHDL/projects/BMC_coding/components/xor_gates/xor_16_bit.vhd Line: 14
    Info (12023): Found entity 1: xor_16_bit File: D:/VHDL/projects/BMC_coding/components/xor_gates/xor_16_bit.vhd Line: 5
Info (12021): Found 2 design units, including 1 entities, in source file components/xor_gates/xor_32_bit.vhd
    Info (12022): Found design unit 1: xor_32_bit-rtl File: D:/VHDL/projects/BMC_coding/components/xor_gates/xor_32_bit.vhd Line: 14
    Info (12023): Found entity 1: xor_32_bit File: D:/VHDL/projects/BMC_coding/components/xor_gates/xor_32_bit.vhd Line: 5
Info (12021): Found 2 design units, including 1 entities, in source file components/mux/mux_4_bit.vhd
    Info (12022): Found design unit 1: mux_4_bit-rtl File: D:/VHDL/projects/BMC_coding/components/mux/mux_4_bit.vhd Line: 15
    Info (12023): Found entity 1: mux_4_bit File: D:/VHDL/projects/BMC_coding/components/mux/mux_4_bit.vhd Line: 5
Info (12021): Found 2 design units, including 1 entities, in source file components/mux/mux_16_bit.vhd
    Info (12022): Found design unit 1: mux_16_bit-rtl File: D:/VHDL/projects/BMC_coding/components/mux/mux_16_bit.vhd Line: 15
    Info (12023): Found entity 1: mux_16_bit File: D:/VHDL/projects/BMC_coding/components/mux/mux_16_bit.vhd Line: 5
Info (12021): Found 2 design units, including 1 entities, in source file components/mux/mux_32_bit.vhd
    Info (12022): Found design unit 1: mux_32_bit-rtl File: D:/VHDL/projects/BMC_coding/components/mux/mux_32_bit.vhd Line: 15
    Info (12023): Found entity 1: mux_32_bit File: D:/VHDL/projects/BMC_coding/components/mux/mux_32_bit.vhd Line: 5
Info (12127): Elaborating entity "BMC_coding" for the top level hierarchy
Warning (10492): VHDL Process Statement warning at BMC_coding.vhd(26): signal "input" is read inside the Process Statement but isn't in the Process Statement's sensitivity list File: D:/VHDL/projects/BMC_coding/BMC_coding.vhd Line: 26
Warning (10492): VHDL Process Statement warning at BMC_coding.vhd(27): signal "encoded_data" is read inside the Process Statement but isn't in the Process Statement's sensitivity list File: D:/VHDL/projects/BMC_coding/BMC_coding.vhd Line: 27
Warning (10631): VHDL Process Statement warning at BMC_coding.vhd(23): inferring latch(es) for signal or variable "data", which holds its previous value in one or more paths through the process File: D:/VHDL/projects/BMC_coding/BMC_coding.vhd Line: 23
Warning (10631): VHDL Process Statement warning at BMC_coding.vhd(23): inferring latch(es) for signal or variable "output", which holds its previous value in one or more paths through the process File: D:/VHDL/projects/BMC_coding/BMC_coding.vhd Line: 23
Info (10041): Inferred latch for "output[0]" at BMC_coding.vhd(23) File: D:/VHDL/projects/BMC_coding/BMC_coding.vhd Line: 23
Info (10041): Inferred latch for "output[1]" at BMC_coding.vhd(23) File: D:/VHDL/projects/BMC_coding/BMC_coding.vhd Line: 23
Info (10041): Inferred latch for "output[2]" at BMC_coding.vhd(23) File: D:/VHDL/projects/BMC_coding/BMC_coding.vhd Line: 23
Info (10041): Inferred latch for "output[3]" at BMC_coding.vhd(23) File: D:/VHDL/projects/BMC_coding/BMC_coding.vhd Line: 23
Info (10041): Inferred latch for "output[4]" at BMC_coding.vhd(23) File: D:/VHDL/projects/BMC_coding/BMC_coding.vhd Line: 23
Info (10041): Inferred latch for "output[5]" at BMC_coding.vhd(23) File: D:/VHDL/projects/BMC_coding/BMC_coding.vhd Line: 23
Info (10041): Inferred latch for "output[6]" at BMC_coding.vhd(23) File: D:/VHDL/projects/BMC_coding/BMC_coding.vhd Line: 23
Info (10041): Inferred latch for "output[7]" at BMC_coding.vhd(23) File: D:/VHDL/projects/BMC_coding/BMC_coding.vhd Line: 23
Info (10041): Inferred latch for "output[8]" at BMC_coding.vhd(23) File: D:/VHDL/projects/BMC_coding/BMC_coding.vhd Line: 23
Info (10041): Inferred latch for "output[9]" at BMC_coding.vhd(23) File: D:/VHDL/projects/BMC_coding/BMC_coding.vhd Line: 23
Info (10041): Inferred latch for "output[10]" at BMC_coding.vhd(23) File: D:/VHDL/projects/BMC_coding/BMC_coding.vhd Line: 23
Info (10041): Inferred latch for "output[11]" at BMC_coding.vhd(23) File: D:/VHDL/projects/BMC_coding/BMC_coding.vhd Line: 23
Info (10041): Inferred latch for "output[12]" at BMC_coding.vhd(23) File: D:/VHDL/projects/BMC_coding/BMC_coding.vhd Line: 23
Info (10041): Inferred latch for "output[13]" at BMC_coding.vhd(23) File: D:/VHDL/projects/BMC_coding/BMC_coding.vhd Line: 23
Info (10041): Inferred latch for "output[14]" at BMC_coding.vhd(23) File: D:/VHDL/projects/BMC_coding/BMC_coding.vhd Line: 23
Info (10041): Inferred latch for "output[15]" at BMC_coding.vhd(23) File: D:/VHDL/projects/BMC_coding/BMC_coding.vhd Line: 23
Info (10041): Inferred latch for "output[16]" at BMC_coding.vhd(23) File: D:/VHDL/projects/BMC_coding/BMC_coding.vhd Line: 23
Info (10041): Inferred latch for "output[17]" at BMC_coding.vhd(23) File: D:/VHDL/projects/BMC_coding/BMC_coding.vhd Line: 23
Info (10041): Inferred latch for "output[18]" at BMC_coding.vhd(23) File: D:/VHDL/projects/BMC_coding/BMC_coding.vhd Line: 23
Info (10041): Inferred latch for "output[19]" at BMC_coding.vhd(23) File: D:/VHDL/projects/BMC_coding/BMC_coding.vhd Line: 23
Info (10041): Inferred latch for "output[20]" at BMC_coding.vhd(23) File: D:/VHDL/projects/BMC_coding/BMC_coding.vhd Line: 23
Info (10041): Inferred latch for "output[21]" at BMC_coding.vhd(23) File: D:/VHDL/projects/BMC_coding/BMC_coding.vhd Line: 23
Info (10041): Inferred latch for "output[22]" at BMC_coding.vhd(23) File: D:/VHDL/projects/BMC_coding/BMC_coding.vhd Line: 23
Info (10041): Inferred latch for "output[23]" at BMC_coding.vhd(23) File: D:/VHDL/projects/BMC_coding/BMC_coding.vhd Line: 23
Info (10041): Inferred latch for "output[24]" at BMC_coding.vhd(23) File: D:/VHDL/projects/BMC_coding/BMC_coding.vhd Line: 23
Info (10041): Inferred latch for "output[25]" at BMC_coding.vhd(23) File: D:/VHDL/projects/BMC_coding/BMC_coding.vhd Line: 23
Info (10041): Inferred latch for "output[26]" at BMC_coding.vhd(23) File: D:/VHDL/projects/BMC_coding/BMC_coding.vhd Line: 23
Info (10041): Inferred latch for "output[27]" at BMC_coding.vhd(23) File: D:/VHDL/projects/BMC_coding/BMC_coding.vhd Line: 23
Info (10041): Inferred latch for "output[28]" at BMC_coding.vhd(23) File: D:/VHDL/projects/BMC_coding/BMC_coding.vhd Line: 23
Info (10041): Inferred latch for "output[29]" at BMC_coding.vhd(23) File: D:/VHDL/projects/BMC_coding/BMC_coding.vhd Line: 23
Info (10041): Inferred latch for "output[30]" at BMC_coding.vhd(23) File: D:/VHDL/projects/BMC_coding/BMC_coding.vhd Line: 23
Info (10041): Inferred latch for "output[31]" at BMC_coding.vhd(23) File: D:/VHDL/projects/BMC_coding/BMC_coding.vhd Line: 23
Info (10041): Inferred latch for "data[0]" at BMC_coding.vhd(23) File: D:/VHDL/projects/BMC_coding/BMC_coding.vhd Line: 23
Info (10041): Inferred latch for "data[1]" at BMC_coding.vhd(23) File: D:/VHDL/projects/BMC_coding/BMC_coding.vhd Line: 23
Info (10041): Inferred latch for "data[2]" at BMC_coding.vhd(23) File: D:/VHDL/projects/BMC_coding/BMC_coding.vhd Line: 23
Info (10041): Inferred latch for "data[3]" at BMC_coding.vhd(23) File: D:/VHDL/projects/BMC_coding/BMC_coding.vhd Line: 23
Info (10041): Inferred latch for "data[4]" at BMC_coding.vhd(23) File: D:/VHDL/projects/BMC_coding/BMC_coding.vhd Line: 23
Info (10041): Inferred latch for "data[5]" at BMC_coding.vhd(23) File: D:/VHDL/projects/BMC_coding/BMC_coding.vhd Line: 23
Info (10041): Inferred latch for "data[6]" at BMC_coding.vhd(23) File: D:/VHDL/projects/BMC_coding/BMC_coding.vhd Line: 23
Info (10041): Inferred latch for "data[7]" at BMC_coding.vhd(23) File: D:/VHDL/projects/BMC_coding/BMC_coding.vhd Line: 23
Info (10041): Inferred latch for "data[8]" at BMC_coding.vhd(23) File: D:/VHDL/projects/BMC_coding/BMC_coding.vhd Line: 23
Info (10041): Inferred latch for "data[9]" at BMC_coding.vhd(23) File: D:/VHDL/projects/BMC_coding/BMC_coding.vhd Line: 23
Info (10041): Inferred latch for "data[10]" at BMC_coding.vhd(23) File: D:/VHDL/projects/BMC_coding/BMC_coding.vhd Line: 23
Info (10041): Inferred latch for "data[11]" at BMC_coding.vhd(23) File: D:/VHDL/projects/BMC_coding/BMC_coding.vhd Line: 23
Info (10041): Inferred latch for "data[12]" at BMC_coding.vhd(23) File: D:/VHDL/projects/BMC_coding/BMC_coding.vhd Line: 23
Info (10041): Inferred latch for "data[13]" at BMC_coding.vhd(23) File: D:/VHDL/projects/BMC_coding/BMC_coding.vhd Line: 23
Info (10041): Inferred latch for "data[14]" at BMC_coding.vhd(23) File: D:/VHDL/projects/BMC_coding/BMC_coding.vhd Line: 23
Info (10041): Inferred latch for "data[15]" at BMC_coding.vhd(23) File: D:/VHDL/projects/BMC_coding/BMC_coding.vhd Line: 23
Info (10041): Inferred latch for "data[16]" at BMC_coding.vhd(23) File: D:/VHDL/projects/BMC_coding/BMC_coding.vhd Line: 23
Info (10041): Inferred latch for "data[17]" at BMC_coding.vhd(23) File: D:/VHDL/projects/BMC_coding/BMC_coding.vhd Line: 23
Info (10041): Inferred latch for "data[18]" at BMC_coding.vhd(23) File: D:/VHDL/projects/BMC_coding/BMC_coding.vhd Line: 23
Info (10041): Inferred latch for "data[19]" at BMC_coding.vhd(23) File: D:/VHDL/projects/BMC_coding/BMC_coding.vhd Line: 23
Info (10041): Inferred latch for "data[20]" at BMC_coding.vhd(23) File: D:/VHDL/projects/BMC_coding/BMC_coding.vhd Line: 23
Info (10041): Inferred latch for "data[21]" at BMC_coding.vhd(23) File: D:/VHDL/projects/BMC_coding/BMC_coding.vhd Line: 23
Info (10041): Inferred latch for "data[22]" at BMC_coding.vhd(23) File: D:/VHDL/projects/BMC_coding/BMC_coding.vhd Line: 23
Info (10041): Inferred latch for "data[23]" at BMC_coding.vhd(23) File: D:/VHDL/projects/BMC_coding/BMC_coding.vhd Line: 23
Info (10041): Inferred latch for "data[24]" at BMC_coding.vhd(23) File: D:/VHDL/projects/BMC_coding/BMC_coding.vhd Line: 23
Info (10041): Inferred latch for "data[25]" at BMC_coding.vhd(23) File: D:/VHDL/projects/BMC_coding/BMC_coding.vhd Line: 23
Info (10041): Inferred latch for "data[26]" at BMC_coding.vhd(23) File: D:/VHDL/projects/BMC_coding/BMC_coding.vhd Line: 23
Info (10041): Inferred latch for "data[27]" at BMC_coding.vhd(23) File: D:/VHDL/projects/BMC_coding/BMC_coding.vhd Line: 23
Info (10041): Inferred latch for "data[28]" at BMC_coding.vhd(23) File: D:/VHDL/projects/BMC_coding/BMC_coding.vhd Line: 23
Info (10041): Inferred latch for "data[29]" at BMC_coding.vhd(23) File: D:/VHDL/projects/BMC_coding/BMC_coding.vhd Line: 23
Info (10041): Inferred latch for "data[30]" at BMC_coding.vhd(23) File: D:/VHDL/projects/BMC_coding/BMC_coding.vhd Line: 23
Info (10041): Inferred latch for "data[31]" at BMC_coding.vhd(23) File: D:/VHDL/projects/BMC_coding/BMC_coding.vhd Line: 23
Info (12128): Elaborating entity "encoder" for hierarchy "encoder:encoder" File: D:/VHDL/projects/BMC_coding/BMC_coding.vhd Line: 19
Info (12128): Elaborating entity "xor_32_bit" for hierarchy "encoder:encoder|xor_32_bit:xor_parity" File: D:/VHDL/projects/BMC_coding/encoder/encoder.vhd Line: 19
Info (12128): Elaborating entity "xor_16_bit" for hierarchy "encoder:encoder|xor_32_bit:xor_parity|xor_16_bit:xor_16_bit_ins1" File: D:/VHDL/projects/BMC_coding/components/xor_gates/xor_32_bit.vhd Line: 16
Info (12128): Elaborating entity "xor_4_bit" for hierarchy "encoder:encoder|xor_32_bit:xor_parity|xor_16_bit:xor_16_bit_ins1|xor_4_bit:xor_4_bit_ins1" File: D:/VHDL/projects/BMC_coding/components/xor_gates/xor_16_bit.vhd Line: 16
Info (12128): Elaborating entity "register_32_bit" for hierarchy "encoder:encoder|register_32_bit:register_parity" File: D:/VHDL/projects/BMC_coding/encoder/encoder.vhd Line: 22
Info (12128): Elaborating entity "register_16_bit" for hierarchy "encoder:encoder|register_32_bit:register_parity|register_16_bit:register_16_bit_ins1" File: D:/VHDL/projects/BMC_coding/components/registers/register_32_bit.vhd Line: 15
Info (12128): Elaborating entity "register_4_bit" for hierarchy "encoder:encoder|register_32_bit:register_parity|register_16_bit:register_16_bit_ins1|register_4_bit:register_4_bit_ins1" File: D:/VHDL/projects/BMC_coding/components/registers/register_16_bit.vhd Line: 15
Info (12128): Elaborating entity "register_1_bit" for hierarchy "encoder:encoder|register_32_bit:register_parity|register_16_bit:register_16_bit_ins1|register_4_bit:register_4_bit_ins1|register_1_bit:register_1_bit_ins1" File: D:/VHDL/projects/BMC_coding/components/registers/register_4_bit.vhd Line: 15
Info (12128): Elaborating entity "mux_32_bit" for hierarchy "encoder:encoder|mux_32_bit:mux_32_bit_ins1" File: D:/VHDL/projects/BMC_coding/encoder/encoder.vhd Line: 41
Info (12128): Elaborating entity "mux_16_bit" for hierarchy "encoder:encoder|mux_32_bit:mux_32_bit_ins1|mux_16_bit:mux_16_bit_ins1" File: D:/VHDL/projects/BMC_coding/components/mux/mux_32_bit.vhd Line: 17
Info (12128): Elaborating entity "mux_4_bit" for hierarchy "encoder:encoder|mux_32_bit:mux_32_bit_ins1|mux_16_bit:mux_16_bit_ins1|mux_4_bit:mux_4_bit_ins1" File: D:/VHDL/projects/BMC_coding/components/mux/mux_16_bit.vhd Line: 17
Warning (10492): VHDL Process Statement warning at mux_4_bit.vhd(20): signal "input1" is read inside the Process Statement but isn't in the Process Statement's sensitivity list File: D:/VHDL/projects/BMC_coding/components/mux/mux_4_bit.vhd Line: 20
Warning (10492): VHDL Process Statement warning at mux_4_bit.vhd(22): signal "input2" is read inside the Process Statement but isn't in the Process Statement's sensitivity list File: D:/VHDL/projects/BMC_coding/components/mux/mux_4_bit.vhd Line: 22
Warning (10492): VHDL Process Statement warning at mux_4_bit.vhd(27): signal "input1" is read inside the Process Statement but isn't in the Process Statement's sensitivity list File: D:/VHDL/projects/BMC_coding/components/mux/mux_4_bit.vhd Line: 27
Warning (10492): VHDL Process Statement warning at mux_4_bit.vhd(29): signal "input2" is read inside the Process Statement but isn't in the Process Statement's sensitivity list File: D:/VHDL/projects/BMC_coding/components/mux/mux_4_bit.vhd Line: 29
Warning (10492): VHDL Process Statement warning at mux_4_bit.vhd(34): signal "input1" is read inside the Process Statement but isn't in the Process Statement's sensitivity list File: D:/VHDL/projects/BMC_coding/components/mux/mux_4_bit.vhd Line: 34
Warning (10492): VHDL Process Statement warning at mux_4_bit.vhd(36): signal "input2" is read inside the Process Statement but isn't in the Process Statement's sensitivity list File: D:/VHDL/projects/BMC_coding/components/mux/mux_4_bit.vhd Line: 36
Warning (10492): VHDL Process Statement warning at mux_4_bit.vhd(41): signal "input1" is read inside the Process Statement but isn't in the Process Statement's sensitivity list File: D:/VHDL/projects/BMC_coding/components/mux/mux_4_bit.vhd Line: 41
Warning (10492): VHDL Process Statement warning at mux_4_bit.vhd(43): signal "input2" is read inside the Process Statement but isn't in the Process Statement's sensitivity list File: D:/VHDL/projects/BMC_coding/components/mux/mux_4_bit.vhd Line: 43
Warning (10631): VHDL Process Statement warning at mux_4_bit.vhd(17): inferring latch(es) for signal or variable "output", which holds its previous value in one or more paths through the process File: D:/VHDL/projects/BMC_coding/components/mux/mux_4_bit.vhd Line: 17
Info (10041): Inferred latch for "output[0]" at mux_4_bit.vhd(17) File: D:/VHDL/projects/BMC_coding/components/mux/mux_4_bit.vhd Line: 17
Info (10041): Inferred latch for "output[1]" at mux_4_bit.vhd(17) File: D:/VHDL/projects/BMC_coding/components/mux/mux_4_bit.vhd Line: 17
Info (10041): Inferred latch for "output[2]" at mux_4_bit.vhd(17) File: D:/VHDL/projects/BMC_coding/components/mux/mux_4_bit.vhd Line: 17
Info (10041): Inferred latch for "output[3]" at mux_4_bit.vhd(17) File: D:/VHDL/projects/BMC_coding/components/mux/mux_4_bit.vhd Line: 17
Info (286030): Timing-Driven Synthesis is running
Info (16010): Generating hard_block partition "hard_block:auto_generated_inst"
    Info (16011): Adding 0 node(s), including 0 DDIO, 0 PLL, 0 transceiver and 0 LCELL
Info (21057): Implemented 202 device resources after synthesis - the final resource count might be different
    Info (21058): Implemented 34 input pins
    Info (21059): Implemented 32 output pins
    Info (21061): Implemented 136 logic cells
Info: Quartus Prime Analysis & Synthesis was successful. 0 errors, 14 warnings
    Info: Peak virtual memory: 4875 megabytes
    Info: Processing ended: Sun Sep 18 21:35:20 2022
    Info: Elapsed time: 00:00:25
    Info: Total CPU time (on all processors): 00:00:56


