Analysis & Synthesis report for CLA
Thu Sep  8 22:32:55 2022
Quartus Prime Version 21.1.1 Build 850 06/23/2022 SJ Lite Edition


---------------------
; Table of Contents ;
---------------------
  1. Legal Notice
  2. Analysis & Synthesis Summary
  3. Analysis & Synthesis Settings
  4. Parallel Compilation
  5. Analysis & Synthesis Source Files Read
  6. Analysis & Synthesis Resource Usage Summary
  7. Analysis & Synthesis Resource Utilization by Entity
  8. General Register Statistics
  9. Port Connectivity Checks: "CLA_16_bit:CLA_16_bit_ins_4"
 10. Port Connectivity Checks: "CLA_16_bit:CLA_16_bit_ins_3"
 11. Port Connectivity Checks: "CLA_16_bit:CLA_16_bit_ins_2"
 12. Port Connectivity Checks: "CLA_16_bit:CLA_16_bit_ins_1|CLA_4_bit:CLA_4_bit_ins_1|full_adder:full_adder_ins_4"
 13. Port Connectivity Checks: "CLA_16_bit:CLA_16_bit_ins_1|CLA_4_bit:CLA_4_bit_ins_1|full_adder:full_adder_ins_3"
 14. Port Connectivity Checks: "CLA_16_bit:CLA_16_bit_ins_1|CLA_4_bit:CLA_4_bit_ins_1|full_adder:full_adder_ins_2"
 15. Port Connectivity Checks: "CLA_16_bit:CLA_16_bit_ins_1|CLA_4_bit:CLA_4_bit_ins_1|full_adder:full_adder_ins_1"
 16. Port Connectivity Checks: "CLA_16_bit:CLA_16_bit_ins_1"
 17. Post-Synthesis Netlist Statistics for Top Partition
 18. Elapsed Time Per Partition
 19. Analysis & Synthesis Messages



----------------
; Legal Notice ;
----------------
Copyright (C) 2022  Intel Corporation. All rights reserved.
Your use of Intel Corporation's design tools, logic functions 
and other software and tools, and any partner logic 
functions, and any output files from any of the foregoing 
(including device programming or simulation files), and any 
associated documentation or information are expressly subject 
to the terms and conditions of the Intel Program License 
Subscription Agreement, the Intel Quartus Prime License Agreement,
the Intel FPGA IP License Agreement, or other applicable license
agreement, including, without limitation, that your use is for
the sole purpose of programming logic devices manufactured by
Intel and sold by Intel or its authorized distributors.  Please
refer to the applicable agreement for further details, at
https://fpgasoftware.intel.com/eula.



+-------------------------------------------------------------------------------+
; Analysis & Synthesis Summary                                                  ;
+---------------------------------+---------------------------------------------+
; Analysis & Synthesis Status     ; Successful - Thu Sep  8 22:32:55 2022       ;
; Quartus Prime Version           ; 21.1.1 Build 850 06/23/2022 SJ Lite Edition ;
; Revision Name                   ; CLA                                         ;
; Top-level Entity Name           ; CLA                                         ;
; Family                          ; Cyclone V                                   ;
; Logic utilization (in ALMs)     ; N/A                                         ;
; Total registers                 ; 0                                           ;
; Total pins                      ; 193                                         ;
; Total virtual pins              ; 0                                           ;
; Total block memory bits         ; 0                                           ;
; Total DSP Blocks                ; 0                                           ;
; Total HSSI RX PCSs              ; 0                                           ;
; Total HSSI PMA RX Deserializers ; 0                                           ;
; Total HSSI TX PCSs              ; 0                                           ;
; Total HSSI PMA TX Serializers   ; 0                                           ;
; Total PLLs                      ; 0                                           ;
; Total DLLs                      ; 0                                           ;
+---------------------------------+---------------------------------------------+


+---------------------------------------------------------------------------------------------------------------------------+
; Analysis & Synthesis Settings                                                                                             ;
+---------------------------------------------------------------------------------+--------------------+--------------------+
; Option                                                                          ; Setting            ; Default Value      ;
+---------------------------------------------------------------------------------+--------------------+--------------------+
; Device                                                                          ; 5CGXFC7C7F23C8     ;                    ;
; Top-level entity name                                                           ; CLA                ; CLA                ;
; Family name                                                                     ; Cyclone V          ; Cyclone V          ;
; Use smart compilation                                                           ; Off                ; Off                ;
; Enable parallel Assembler and Timing Analyzer during compilation                ; On                 ; On                 ;
; Enable compact report table                                                     ; Off                ; Off                ;
; Restructure Multiplexers                                                        ; Auto               ; Auto               ;
; MLAB Add Timing Constraints For Mixed-Port Feed-Through Mode Setting Don't Care ; Off                ; Off                ;
; Create Debugging Nodes for IP Cores                                             ; Off                ; Off                ;
; Preserve fewer node names                                                       ; On                 ; On                 ;
; Intel FPGA IP Evaluation Mode                                                   ; Enable             ; Enable             ;
; Verilog Version                                                                 ; Verilog_2001       ; Verilog_2001       ;
; VHDL Version                                                                    ; VHDL_1993          ; VHDL_1993          ;
; State Machine Processing                                                        ; Auto               ; Auto               ;
; Safe State Machine                                                              ; Off                ; Off                ;
; Extract Verilog State Machines                                                  ; On                 ; On                 ;
; Extract VHDL State Machines                                                     ; On                 ; On                 ;
; Ignore Verilog initial constructs                                               ; Off                ; Off                ;
; Iteration limit for constant Verilog loops                                      ; 5000               ; 5000               ;
; Iteration limit for non-constant Verilog loops                                  ; 250                ; 250                ;
; Add Pass-Through Logic to Inferred RAMs                                         ; On                 ; On                 ;
; Infer RAMs from Raw Logic                                                       ; On                 ; On                 ;
; Parallel Synthesis                                                              ; On                 ; On                 ;
; DSP Block Balancing                                                             ; Auto               ; Auto               ;
; NOT Gate Push-Back                                                              ; On                 ; On                 ;
; Power-Up Don't Care                                                             ; On                 ; On                 ;
; Remove Redundant Logic Cells                                                    ; Off                ; Off                ;
; Remove Duplicate Registers                                                      ; On                 ; On                 ;
; Ignore CARRY Buffers                                                            ; Off                ; Off                ;
; Ignore CASCADE Buffers                                                          ; Off                ; Off                ;
; Ignore GLOBAL Buffers                                                           ; Off                ; Off                ;
; Ignore ROW GLOBAL Buffers                                                       ; Off                ; Off                ;
; Ignore LCELL Buffers                                                            ; Off                ; Off                ;
; Ignore SOFT Buffers                                                             ; On                 ; On                 ;
; Limit AHDL Integers to 32 Bits                                                  ; Off                ; Off                ;
; Optimization Technique                                                          ; Balanced           ; Balanced           ;
; Carry Chain Length                                                              ; 70                 ; 70                 ;
; Auto Carry Chains                                                               ; On                 ; On                 ;
; Auto Open-Drain Pins                                                            ; On                 ; On                 ;
; Perform WYSIWYG Primitive Resynthesis                                           ; Off                ; Off                ;
; Auto ROM Replacement                                                            ; On                 ; On                 ;
; Auto RAM Replacement                                                            ; On                 ; On                 ;
; Auto DSP Block Replacement                                                      ; On                 ; On                 ;
; Auto Shift Register Replacement                                                 ; Auto               ; Auto               ;
; Allow Shift Register Merging across Hierarchies                                 ; Auto               ; Auto               ;
; Auto Clock Enable Replacement                                                   ; On                 ; On                 ;
; Strict RAM Replacement                                                          ; Off                ; Off                ;
; Allow Synchronous Control Signals                                               ; On                 ; On                 ;
; Force Use of Synchronous Clear Signals                                          ; Off                ; Off                ;
; Auto Resource Sharing                                                           ; Off                ; Off                ;
; Allow Any RAM Size For Recognition                                              ; Off                ; Off                ;
; Allow Any ROM Size For Recognition                                              ; Off                ; Off                ;
; Allow Any Shift Register Size For Recognition                                   ; Off                ; Off                ;
; Use LogicLock Constraints during Resource Balancing                             ; On                 ; On                 ;
; Ignore translate_off and synthesis_off directives                               ; Off                ; Off                ;
; Timing-Driven Synthesis                                                         ; On                 ; On                 ;
; Report Parameter Settings                                                       ; On                 ; On                 ;
; Report Source Assignments                                                       ; On                 ; On                 ;
; Report Connectivity Checks                                                      ; On                 ; On                 ;
; Ignore Maximum Fan-Out Assignments                                              ; Off                ; Off                ;
; Synchronization Register Chain Length                                           ; 3                  ; 3                  ;
; Power Optimization During Synthesis                                             ; Normal compilation ; Normal compilation ;
; HDL message level                                                               ; Level2             ; Level2             ;
; Suppress Register Optimization Related Messages                                 ; Off                ; Off                ;
; Number of Removed Registers Reported in Synthesis Report                        ; 5000               ; 5000               ;
; Number of Swept Nodes Reported in Synthesis Report                              ; 5000               ; 5000               ;
; Number of Inverted Registers Reported in Synthesis Report                       ; 100                ; 100                ;
; Clock MUX Protection                                                            ; On                 ; On                 ;
; Auto Gated Clock Conversion                                                     ; Off                ; Off                ;
; Block Design Naming                                                             ; Auto               ; Auto               ;
; SDC constraint protection                                                       ; Off                ; Off                ;
; Synthesis Effort                                                                ; Auto               ; Auto               ;
; Shift Register Replacement - Allow Asynchronous Clear Signal                    ; On                 ; On                 ;
; Pre-Mapping Resynthesis Optimization                                            ; Off                ; Off                ;
; Analysis & Synthesis Message Level                                              ; Medium             ; Medium             ;
; Disable Register Merging Across Hierarchies                                     ; Auto               ; Auto               ;
; Resource Aware Inference For Block RAM                                          ; On                 ; On                 ;
; Automatic Parallel Synthesis                                                    ; On                 ; On                 ;
; Partial Reconfiguration Bitstream ID                                            ; Off                ; Off                ;
+---------------------------------------------------------------------------------+--------------------+--------------------+


+------------------------------------------+
; Parallel Compilation                     ;
+----------------------------+-------------+
; Processors                 ; Number      ;
+----------------------------+-------------+
; Number detected on machine ; 8           ;
; Maximum allowed            ; 4           ;
;                            ;             ;
; Average used               ; 1.00        ;
; Maximum used               ; 1           ;
;                            ;             ;
; Usage by Processor         ; % Time Used ;
;     Processor 1            ; 100.0%      ;
+----------------------------+-------------+


+-----------------------------------------------------------------------------------------------------------------------------------+
; Analysis & Synthesis Source Files Read                                                                                            ;
+----------------------------------+-----------------+-----------------+--------------------------------------------------+---------+
; File Name with User-Entered Path ; Used in Netlist ; File Type       ; File Name with Absolute Path                     ; Library ;
+----------------------------------+-----------------+-----------------+--------------------------------------------------+---------+
; CLA.vhd                          ; yes             ; User VHDL File  ; D:/VHDL/projects/carry-look-ahead/CLA.vhd        ;         ;
; full_adder.vhd                   ; yes             ; User VHDL File  ; D:/VHDL/projects/carry-look-ahead/full_adder.vhd ;         ;
; CLA_4_bit.vhd                    ; yes             ; User VHDL File  ; D:/VHDL/projects/carry-look-ahead/CLA_4_bit.vhd  ;         ;
; CLA_16_bit.vhd                   ; yes             ; User VHDL File  ; D:/VHDL/projects/carry-look-ahead/CLA_16_bit.vhd ;         ;
+----------------------------------+-----------------+-----------------+--------------------------------------------------+---------+


+-----------------------------------------------------+
; Analysis & Synthesis Resource Usage Summary         ;
+---------------------------------------------+-------+
; Resource                                    ; Usage ;
+---------------------------------------------+-------+
; Estimate of Logic utilization (ALMs needed) ; 0     ;
;                                             ;       ;
; Combinational ALUT usage for logic          ; 0     ;
;     -- 7 input functions                    ; 0     ;
;     -- 6 input functions                    ; 0     ;
;     -- 5 input functions                    ; 0     ;
;     -- 4 input functions                    ; 0     ;
;     -- <=3 input functions                  ; 0     ;
;                                             ;       ;
; Dedicated logic registers                   ; 0     ;
;                                             ;       ;
; I/O pins                                    ; 193   ;
;                                             ;       ;
; Total DSP Blocks                            ; 0     ;
;                                             ;       ;
; Maximum fan-out node                        ; x[0]  ;
; Maximum fan-out                             ; 1     ;
; Total fan-out                               ; 193   ;
; Average fan-out                             ; 0.50  ;
+---------------------------------------------+-------+


+----------------------------------------------------------------------------------------------------------------------------------------------------------------------------------------+
; Analysis & Synthesis Resource Utilization by Entity                                                                                                                                    ;
+----------------------------+---------------------+---------------------------+-------------------+------------+------+--------------+---------------------+-------------+--------------+
; Compilation Hierarchy Node ; Combinational ALUTs ; Dedicated Logic Registers ; Block Memory Bits ; DSP Blocks ; Pins ; Virtual Pins ; Full Hierarchy Name ; Entity Name ; Library Name ;
+----------------------------+---------------------+---------------------------+-------------------+------------+------+--------------+---------------------+-------------+--------------+
; |CLA                       ; 0 (0)               ; 0 (0)                     ; 0                 ; 0          ; 193  ; 0            ; |CLA                ; CLA         ; work         ;
+----------------------------+---------------------+---------------------------+-------------------+------------+------+--------------+---------------------+-------------+--------------+
Note: For table entries with two numbers listed, the numbers in parentheses indicate the number of resources of the given type used by the specific entity alone. The numbers listed outside of parentheses indicate the total resources of the given type used by the specific entity and all of its sub-entities in the hierarchy.


+------------------------------------------------------+
; General Register Statistics                          ;
+----------------------------------------------+-------+
; Statistic                                    ; Value ;
+----------------------------------------------+-------+
; Total registers                              ; 0     ;
; Number of registers using Synchronous Clear  ; 0     ;
; Number of registers using Synchronous Load   ; 0     ;
; Number of registers using Asynchronous Clear ; 0     ;
; Number of registers using Asynchronous Load  ; 0     ;
; Number of registers using Clock Enable       ; 0     ;
; Number of registers using Preset             ; 0     ;
+----------------------------------------------+-------+


+----------------------------------------------------------------------------------------------------------------+
; Port Connectivity Checks: "CLA_16_bit:CLA_16_bit_ins_4"                                                        ;
+------+--------+----------+-------------------------------------------------------------------------------------+
; Port ; Type   ; Severity ; Details                                                                             ;
+------+--------+----------+-------------------------------------------------------------------------------------+
; g    ; Output ; Info     ; Connected to dangling logic. Logic that only feeds a dangling port will be removed. ;
; p    ; Output ; Info     ; Connected to dangling logic. Logic that only feeds a dangling port will be removed. ;
; s    ; Output ; Info     ; Connected to dangling logic. Logic that only feeds a dangling port will be removed. ;
+------+--------+----------+-------------------------------------------------------------------------------------+


+----------------------------------------------------------------------------------------------------------------+
; Port Connectivity Checks: "CLA_16_bit:CLA_16_bit_ins_3"                                                        ;
+------+--------+----------+-------------------------------------------------------------------------------------+
; Port ; Type   ; Severity ; Details                                                                             ;
+------+--------+----------+-------------------------------------------------------------------------------------+
; s    ; Output ; Info     ; Connected to dangling logic. Logic that only feeds a dangling port will be removed. ;
+------+--------+----------+-------------------------------------------------------------------------------------+


+----------------------------------------------------------------------------------------------------------------+
; Port Connectivity Checks: "CLA_16_bit:CLA_16_bit_ins_2"                                                        ;
+------+--------+----------+-------------------------------------------------------------------------------------+
; Port ; Type   ; Severity ; Details                                                                             ;
+------+--------+----------+-------------------------------------------------------------------------------------+
; s    ; Output ; Info     ; Connected to dangling logic. Logic that only feeds a dangling port will be removed. ;
+------+--------+----------+-------------------------------------------------------------------------------------+


+-----------------------------------------------------------------------------------------------------------------+
; Port Connectivity Checks: "CLA_16_bit:CLA_16_bit_ins_1|CLA_4_bit:CLA_4_bit_ins_1|full_adder:full_adder_ins_4"   ;
+-------+--------+----------+-------------------------------------------------------------------------------------+
; Port  ; Type   ; Severity ; Details                                                                             ;
+-------+--------+----------+-------------------------------------------------------------------------------------+
; c_out ; Output ; Info     ; Connected to dangling logic. Logic that only feeds a dangling port will be removed. ;
+-------+--------+----------+-------------------------------------------------------------------------------------+


+-----------------------------------------------------------------------------------------------------------------+
; Port Connectivity Checks: "CLA_16_bit:CLA_16_bit_ins_1|CLA_4_bit:CLA_4_bit_ins_1|full_adder:full_adder_ins_3"   ;
+-------+--------+----------+-------------------------------------------------------------------------------------+
; Port  ; Type   ; Severity ; Details                                                                             ;
+-------+--------+----------+-------------------------------------------------------------------------------------+
; c_out ; Output ; Info     ; Connected to dangling logic. Logic that only feeds a dangling port will be removed. ;
+-------+--------+----------+-------------------------------------------------------------------------------------+


+-----------------------------------------------------------------------------------------------------------------+
; Port Connectivity Checks: "CLA_16_bit:CLA_16_bit_ins_1|CLA_4_bit:CLA_4_bit_ins_1|full_adder:full_adder_ins_2"   ;
+-------+--------+----------+-------------------------------------------------------------------------------------+
; Port  ; Type   ; Severity ; Details                                                                             ;
+-------+--------+----------+-------------------------------------------------------------------------------------+
; c_out ; Output ; Info     ; Connected to dangling logic. Logic that only feeds a dangling port will be removed. ;
+-------+--------+----------+-------------------------------------------------------------------------------------+


+-----------------------------------------------------------------------------------------------------------------+
; Port Connectivity Checks: "CLA_16_bit:CLA_16_bit_ins_1|CLA_4_bit:CLA_4_bit_ins_1|full_adder:full_adder_ins_1"   ;
+-------+--------+----------+-------------------------------------------------------------------------------------+
; Port  ; Type   ; Severity ; Details                                                                             ;
+-------+--------+----------+-------------------------------------------------------------------------------------+
; c_out ; Output ; Info     ; Connected to dangling logic. Logic that only feeds a dangling port will be removed. ;
+-------+--------+----------+-------------------------------------------------------------------------------------+


+----------------------------------------------------------------------------------------------------------------+
; Port Connectivity Checks: "CLA_16_bit:CLA_16_bit_ins_1"                                                        ;
+------+--------+----------+-------------------------------------------------------------------------------------+
; Port ; Type   ; Severity ; Details                                                                             ;
+------+--------+----------+-------------------------------------------------------------------------------------+
; s    ; Output ; Info     ; Connected to dangling logic. Logic that only feeds a dangling port will be removed. ;
+------+--------+----------+-------------------------------------------------------------------------------------+


+-----------------------------------------------------+
; Post-Synthesis Netlist Statistics for Top Partition ;
+-----------------------+-----------------------------+
; Type                  ; Count                       ;
+-----------------------+-----------------------------+
; arriav_lcell_comb     ; 1                           ;
;     normal            ; 1                           ;
;         0 data inputs ; 1                           ;
; boundary_port         ; 193                         ;
;                       ;                             ;
; Max LUT depth         ; 0.00                        ;
; Average LUT depth     ; 0.00                        ;
+-----------------------+-----------------------------+


+-------------------------------+
; Elapsed Time Per Partition    ;
+----------------+--------------+
; Partition Name ; Elapsed Time ;
+----------------+--------------+
; Top            ; 00:00:00     ;
+----------------+--------------+


+-------------------------------+
; Analysis & Synthesis Messages ;
+-------------------------------+
Info: *******************************************************************
Info: Running Quartus Prime Analysis & Synthesis
    Info: Version 21.1.1 Build 850 06/23/2022 SJ Lite Edition
    Info: Processing started: Thu Sep  8 22:32:39 2022
Info: Command: quartus_map --read_settings_files=on --write_settings_files=off CLA -c CLA
Warning (18236): Number of processors has not been specified which may cause overloading on shared machines.  Set the global assignment NUM_PARALLEL_PROCESSORS in your QSF to an appropriate value for best performance.
Info (20030): Parallel compilation is enabled and will use 4 of the 4 processors detected
Info (12021): Found 2 design units, including 1 entities, in source file cla.vhd
    Info (12022): Found design unit 1: CLA-rtl File: D:/VHDL/projects/carry-look-ahead/CLA.vhd Line: 18
    Info (12023): Found entity 1: CLA File: D:/VHDL/projects/carry-look-ahead/CLA.vhd Line: 8
Info (12021): Found 2 design units, including 1 entities, in source file s_adder.vhd
    Info (12022): Found design unit 1: s_adder-rtl File: D:/VHDL/projects/carry-look-ahead/s_adder.vhd Line: 15
    Info (12023): Found entity 1: s_adder File: D:/VHDL/projects/carry-look-ahead/s_adder.vhd Line: 5
Info (12021): Found 2 design units, including 1 entities, in source file full_adder.vhd
    Info (12022): Found design unit 1: full_adder-rtl File: D:/VHDL/projects/carry-look-ahead/full_adder.vhd Line: 18
    Info (12023): Found entity 1: full_adder File: D:/VHDL/projects/carry-look-ahead/full_adder.vhd Line: 5
Info (12021): Found 2 design units, including 1 entities, in source file cla_4_bit.vhd
    Info (12022): Found design unit 1: CLA_4_bit-rtl File: D:/VHDL/projects/carry-look-ahead/CLA_4_bit.vhd Line: 18
    Info (12023): Found entity 1: CLA_4_bit File: D:/VHDL/projects/carry-look-ahead/CLA_4_bit.vhd Line: 5
Info (12021): Found 2 design units, including 1 entities, in source file cla_16_bit.vhd
    Info (12022): Found design unit 1: CLA_16_bit-rtl File: D:/VHDL/projects/carry-look-ahead/CLA_16_bit.vhd Line: 18
    Info (12023): Found entity 1: CLA_16_bit File: D:/VHDL/projects/carry-look-ahead/CLA_16_bit.vhd Line: 5
Info (12021): Found 2 design units, including 1 entities, in source file tests/full_adder_tb.vhd
    Info (12022): Found design unit 1: full_adder_tb-behave File: D:/VHDL/projects/carry-look-ahead/tests/full_adder_tb.vhd Line: 9
    Info (12023): Found entity 1: full_adder_tb File: D:/VHDL/projects/carry-look-ahead/tests/full_adder_tb.vhd Line: 5
Info (12021): Found 2 design units, including 1 entities, in source file tests/cla_16_bit_tb.vhd
    Info (12022): Found design unit 1: CLA_16_bit_tb-behave File: D:/VHDL/projects/carry-look-ahead/tests/CLA_16_bit_tb.vhd Line: 10
    Info (12023): Found entity 1: CLA_16_bit_tb File: D:/VHDL/projects/carry-look-ahead/tests/CLA_16_bit_tb.vhd Line: 6
Info (12021): Found 2 design units, including 1 entities, in source file tests/cla_4_bit_tb.vhd
    Info (12022): Found design unit 1: CLA_4_bit_tb-behave File: D:/VHDL/projects/carry-look-ahead/tests/CLA_4_bit_tb.vhd Line: 10
    Info (12023): Found entity 1: CLA_4_bit_tb File: D:/VHDL/projects/carry-look-ahead/tests/CLA_4_bit_tb.vhd Line: 6
Info (12021): Found 2 design units, including 1 entities, in source file tests/cla_tb.vhd
    Info (12022): Found design unit 1: CLA_tb-behave File: D:/VHDL/projects/carry-look-ahead/tests/CLA_tb.vhd Line: 9
    Info (12023): Found entity 1: CLA_tb File: D:/VHDL/projects/carry-look-ahead/tests/CLA_tb.vhd Line: 5
Info (12127): Elaborating entity "CLA" for the top level hierarchy
Warning (10541): VHDL Signal Declaration warning at CLA.vhd(13): used implicit default value for signal "s" because signal was never assigned a value or an explicit default value. Use of implicit default value may introduce unintended design optimizations. File: D:/VHDL/projects/carry-look-ahead/CLA.vhd Line: 13
Warning (10036): Verilog HDL or VHDL warning at CLA.vhd(21): object "s0" assigned a value but never read File: D:/VHDL/projects/carry-look-ahead/CLA.vhd Line: 21
Warning (10036): Verilog HDL or VHDL warning at CLA.vhd(21): object "s1" assigned a value but never read File: D:/VHDL/projects/carry-look-ahead/CLA.vhd Line: 21
Warning (10036): Verilog HDL or VHDL warning at CLA.vhd(21): object "s2" assigned a value but never read File: D:/VHDL/projects/carry-look-ahead/CLA.vhd Line: 21
Warning (10036): Verilog HDL or VHDL warning at CLA.vhd(21): object "s3" assigned a value but never read File: D:/VHDL/projects/carry-look-ahead/CLA.vhd Line: 21
Warning (10036): Verilog HDL or VHDL warning at CLA.vhd(22): object "g3" assigned a value but never read File: D:/VHDL/projects/carry-look-ahead/CLA.vhd Line: 22
Warning (10036): Verilog HDL or VHDL warning at CLA.vhd(23): object "p3" assigned a value but never read File: D:/VHDL/projects/carry-look-ahead/CLA.vhd Line: 23
Info (12128): Elaborating entity "CLA_16_bit" for hierarchy "CLA_16_bit:CLA_16_bit_ins_1" File: D:/VHDL/projects/carry-look-ahead/CLA.vhd Line: 33
Info (12128): Elaborating entity "CLA_4_bit" for hierarchy "CLA_16_bit:CLA_16_bit_ins_1|CLA_4_bit:CLA_4_bit_ins_1" File: D:/VHDL/projects/carry-look-ahead/CLA_16_bit.vhd Line: 34
Info (12128): Elaborating entity "full_adder" for hierarchy "CLA_16_bit:CLA_16_bit_ins_1|CLA_4_bit:CLA_4_bit_ins_1|full_adder:full_adder_ins_1" File: D:/VHDL/projects/carry-look-ahead/CLA_4_bit.vhd Line: 38
Warning (13024): Output pins are stuck at VCC or GND
    Warning (13410): Pin "s[0]" is stuck at GND File: D:/VHDL/projects/carry-look-ahead/CLA.vhd Line: 13
    Warning (13410): Pin "s[1]" is stuck at GND File: D:/VHDL/projects/carry-look-ahead/CLA.vhd Line: 13
    Warning (13410): Pin "s[2]" is stuck at GND File: D:/VHDL/projects/carry-look-ahead/CLA.vhd Line: 13
    Warning (13410): Pin "s[3]" is stuck at GND File: D:/VHDL/projects/carry-look-ahead/CLA.vhd Line: 13
    Warning (13410): Pin "s[4]" is stuck at GND File: D:/VHDL/projects/carry-look-ahead/CLA.vhd Line: 13
    Warning (13410): Pin "s[5]" is stuck at GND File: D:/VHDL/projects/carry-look-ahead/CLA.vhd Line: 13
    Warning (13410): Pin "s[6]" is stuck at GND File: D:/VHDL/projects/carry-look-ahead/CLA.vhd Line: 13
    Warning (13410): Pin "s[7]" is stuck at GND File: D:/VHDL/projects/carry-look-ahead/CLA.vhd Line: 13
    Warning (13410): Pin "s[8]" is stuck at GND File: D:/VHDL/projects/carry-look-ahead/CLA.vhd Line: 13
    Warning (13410): Pin "s[9]" is stuck at GND File: D:/VHDL/projects/carry-look-ahead/CLA.vhd Line: 13
    Warning (13410): Pin "s[10]" is stuck at GND File: D:/VHDL/projects/carry-look-ahead/CLA.vhd Line: 13
    Warning (13410): Pin "s[11]" is stuck at GND File: D:/VHDL/projects/carry-look-ahead/CLA.vhd Line: 13
    Warning (13410): Pin "s[12]" is stuck at GND File: D:/VHDL/projects/carry-look-ahead/CLA.vhd Line: 13
    Warning (13410): Pin "s[13]" is stuck at GND File: D:/VHDL/projects/carry-look-ahead/CLA.vhd Line: 13
    Warning (13410): Pin "s[14]" is stuck at GND File: D:/VHDL/projects/carry-look-ahead/CLA.vhd Line: 13
    Warning (13410): Pin "s[15]" is stuck at GND File: D:/VHDL/projects/carry-look-ahead/CLA.vhd Line: 13
    Warning (13410): Pin "s[16]" is stuck at GND File: D:/VHDL/projects/carry-look-ahead/CLA.vhd Line: 13
    Warning (13410): Pin "s[17]" is stuck at GND File: D:/VHDL/projects/carry-look-ahead/CLA.vhd Line: 13
    Warning (13410): Pin "s[18]" is stuck at GND File: D:/VHDL/projects/carry-look-ahead/CLA.vhd Line: 13
    Warning (13410): Pin "s[19]" is stuck at GND File: D:/VHDL/projects/carry-look-ahead/CLA.vhd Line: 13
    Warning (13410): Pin "s[20]" is stuck at GND File: D:/VHDL/projects/carry-look-ahead/CLA.vhd Line: 13
    Warning (13410): Pin "s[21]" is stuck at GND File: D:/VHDL/projects/carry-look-ahead/CLA.vhd Line: 13
    Warning (13410): Pin "s[22]" is stuck at GND File: D:/VHDL/projects/carry-look-ahead/CLA.vhd Line: 13
    Warning (13410): Pin "s[23]" is stuck at GND File: D:/VHDL/projects/carry-look-ahead/CLA.vhd Line: 13
    Warning (13410): Pin "s[24]" is stuck at GND File: D:/VHDL/projects/carry-look-ahead/CLA.vhd Line: 13
    Warning (13410): Pin "s[25]" is stuck at GND File: D:/VHDL/projects/carry-look-ahead/CLA.vhd Line: 13
    Warning (13410): Pin "s[26]" is stuck at GND File: D:/VHDL/projects/carry-look-ahead/CLA.vhd Line: 13
    Warning (13410): Pin "s[27]" is stuck at GND File: D:/VHDL/projects/carry-look-ahead/CLA.vhd Line: 13
    Warning (13410): Pin "s[28]" is stuck at GND File: D:/VHDL/projects/carry-look-ahead/CLA.vhd Line: 13
    Warning (13410): Pin "s[29]" is stuck at GND File: D:/VHDL/projects/carry-look-ahead/CLA.vhd Line: 13
    Warning (13410): Pin "s[30]" is stuck at GND File: D:/VHDL/projects/carry-look-ahead/CLA.vhd Line: 13
    Warning (13410): Pin "s[31]" is stuck at GND File: D:/VHDL/projects/carry-look-ahead/CLA.vhd Line: 13
    Warning (13410): Pin "s[32]" is stuck at GND File: D:/VHDL/projects/carry-look-ahead/CLA.vhd Line: 13
    Warning (13410): Pin "s[33]" is stuck at GND File: D:/VHDL/projects/carry-look-ahead/CLA.vhd Line: 13
    Warning (13410): Pin "s[34]" is stuck at GND File: D:/VHDL/projects/carry-look-ahead/CLA.vhd Line: 13
    Warning (13410): Pin "s[35]" is stuck at GND File: D:/VHDL/projects/carry-look-ahead/CLA.vhd Line: 13
    Warning (13410): Pin "s[36]" is stuck at GND File: D:/VHDL/projects/carry-look-ahead/CLA.vhd Line: 13
    Warning (13410): Pin "s[37]" is stuck at GND File: D:/VHDL/projects/carry-look-ahead/CLA.vhd Line: 13
    Warning (13410): Pin "s[38]" is stuck at GND File: D:/VHDL/projects/carry-look-ahead/CLA.vhd Line: 13
    Warning (13410): Pin "s[39]" is stuck at GND File: D:/VHDL/projects/carry-look-ahead/CLA.vhd Line: 13
    Warning (13410): Pin "s[40]" is stuck at GND File: D:/VHDL/projects/carry-look-ahead/CLA.vhd Line: 13
    Warning (13410): Pin "s[41]" is stuck at GND File: D:/VHDL/projects/carry-look-ahead/CLA.vhd Line: 13
    Warning (13410): Pin "s[42]" is stuck at GND File: D:/VHDL/projects/carry-look-ahead/CLA.vhd Line: 13
    Warning (13410): Pin "s[43]" is stuck at GND File: D:/VHDL/projects/carry-look-ahead/CLA.vhd Line: 13
    Warning (13410): Pin "s[44]" is stuck at GND File: D:/VHDL/projects/carry-look-ahead/CLA.vhd Line: 13
    Warning (13410): Pin "s[45]" is stuck at GND File: D:/VHDL/projects/carry-look-ahead/CLA.vhd Line: 13
    Warning (13410): Pin "s[46]" is stuck at GND File: D:/VHDL/projects/carry-look-ahead/CLA.vhd Line: 13
    Warning (13410): Pin "s[47]" is stuck at GND File: D:/VHDL/projects/carry-look-ahead/CLA.vhd Line: 13
    Warning (13410): Pin "s[48]" is stuck at GND File: D:/VHDL/projects/carry-look-ahead/CLA.vhd Line: 13
    Warning (13410): Pin "s[49]" is stuck at GND File: D:/VHDL/projects/carry-look-ahead/CLA.vhd Line: 13
    Warning (13410): Pin "s[50]" is stuck at GND File: D:/VHDL/projects/carry-look-ahead/CLA.vhd Line: 13
    Warning (13410): Pin "s[51]" is stuck at GND File: D:/VHDL/projects/carry-look-ahead/CLA.vhd Line: 13
    Warning (13410): Pin "s[52]" is stuck at GND File: D:/VHDL/projects/carry-look-ahead/CLA.vhd Line: 13
    Warning (13410): Pin "s[53]" is stuck at GND File: D:/VHDL/projects/carry-look-ahead/CLA.vhd Line: 13
    Warning (13410): Pin "s[54]" is stuck at GND File: D:/VHDL/projects/carry-look-ahead/CLA.vhd Line: 13
    Warning (13410): Pin "s[55]" is stuck at GND File: D:/VHDL/projects/carry-look-ahead/CLA.vhd Line: 13
    Warning (13410): Pin "s[56]" is stuck at GND File: D:/VHDL/projects/carry-look-ahead/CLA.vhd Line: 13
    Warning (13410): Pin "s[57]" is stuck at GND File: D:/VHDL/projects/carry-look-ahead/CLA.vhd Line: 13
    Warning (13410): Pin "s[58]" is stuck at GND File: D:/VHDL/projects/carry-look-ahead/CLA.vhd Line: 13
    Warning (13410): Pin "s[59]" is stuck at GND File: D:/VHDL/projects/carry-look-ahead/CLA.vhd Line: 13
    Warning (13410): Pin "s[60]" is stuck at GND File: D:/VHDL/projects/carry-look-ahead/CLA.vhd Line: 13
    Warning (13410): Pin "s[61]" is stuck at GND File: D:/VHDL/projects/carry-look-ahead/CLA.vhd Line: 13
    Warning (13410): Pin "s[62]" is stuck at GND File: D:/VHDL/projects/carry-look-ahead/CLA.vhd Line: 13
    Warning (13410): Pin "s[63]" is stuck at GND File: D:/VHDL/projects/carry-look-ahead/CLA.vhd Line: 13
Info (16010): Generating hard_block partition "hard_block:auto_generated_inst"
    Info (16011): Adding 0 node(s), including 0 DDIO, 0 PLL, 0 transceiver and 0 LCELL
Warning (21074): Design contains 129 input pin(s) that do not drive logic
    Warning (15610): No output dependent on input pin "x[0]" File: D:/VHDL/projects/carry-look-ahead/CLA.vhd Line: 10
    Warning (15610): No output dependent on input pin "x[1]" File: D:/VHDL/projects/carry-look-ahead/CLA.vhd Line: 10
    Warning (15610): No output dependent on input pin "x[2]" File: D:/VHDL/projects/carry-look-ahead/CLA.vhd Line: 10
    Warning (15610): No output dependent on input pin "x[3]" File: D:/VHDL/projects/carry-look-ahead/CLA.vhd Line: 10
    Warning (15610): No output dependent on input pin "x[4]" File: D:/VHDL/projects/carry-look-ahead/CLA.vhd Line: 10
    Warning (15610): No output dependent on input pin "x[5]" File: D:/VHDL/projects/carry-look-ahead/CLA.vhd Line: 10
    Warning (15610): No output dependent on input pin "x[6]" File: D:/VHDL/projects/carry-look-ahead/CLA.vhd Line: 10
    Warning (15610): No output dependent on input pin "x[7]" File: D:/VHDL/projects/carry-look-ahead/CLA.vhd Line: 10
    Warning (15610): No output dependent on input pin "x[8]" File: D:/VHDL/projects/carry-look-ahead/CLA.vhd Line: 10
    Warning (15610): No output dependent on input pin "x[9]" File: D:/VHDL/projects/carry-look-ahead/CLA.vhd Line: 10
    Warning (15610): No output dependent on input pin "x[10]" File: D:/VHDL/projects/carry-look-ahead/CLA.vhd Line: 10
    Warning (15610): No output dependent on input pin "x[11]" File: D:/VHDL/projects/carry-look-ahead/CLA.vhd Line: 10
    Warning (15610): No output dependent on input pin "x[12]" File: D:/VHDL/projects/carry-look-ahead/CLA.vhd Line: 10
    Warning (15610): No output dependent on input pin "x[13]" File: D:/VHDL/projects/carry-look-ahead/CLA.vhd Line: 10
    Warning (15610): No output dependent on input pin "x[14]" File: D:/VHDL/projects/carry-look-ahead/CLA.vhd Line: 10
    Warning (15610): No output dependent on input pin "x[15]" File: D:/VHDL/projects/carry-look-ahead/CLA.vhd Line: 10
    Warning (15610): No output dependent on input pin "x[16]" File: D:/VHDL/projects/carry-look-ahead/CLA.vhd Line: 10
    Warning (15610): No output dependent on input pin "x[17]" File: D:/VHDL/projects/carry-look-ahead/CLA.vhd Line: 10
    Warning (15610): No output dependent on input pin "x[18]" File: D:/VHDL/projects/carry-look-ahead/CLA.vhd Line: 10
    Warning (15610): No output dependent on input pin "x[19]" File: D:/VHDL/projects/carry-look-ahead/CLA.vhd Line: 10
    Warning (15610): No output dependent on input pin "x[20]" File: D:/VHDL/projects/carry-look-ahead/CLA.vhd Line: 10
    Warning (15610): No output dependent on input pin "x[21]" File: D:/VHDL/projects/carry-look-ahead/CLA.vhd Line: 10
    Warning (15610): No output dependent on input pin "x[22]" File: D:/VHDL/projects/carry-look-ahead/CLA.vhd Line: 10
    Warning (15610): No output dependent on input pin "x[23]" File: D:/VHDL/projects/carry-look-ahead/CLA.vhd Line: 10
    Warning (15610): No output dependent on input pin "x[24]" File: D:/VHDL/projects/carry-look-ahead/CLA.vhd Line: 10
    Warning (15610): No output dependent on input pin "x[25]" File: D:/VHDL/projects/carry-look-ahead/CLA.vhd Line: 10
    Warning (15610): No output dependent on input pin "x[26]" File: D:/VHDL/projects/carry-look-ahead/CLA.vhd Line: 10
    Warning (15610): No output dependent on input pin "x[27]" File: D:/VHDL/projects/carry-look-ahead/CLA.vhd Line: 10
    Warning (15610): No output dependent on input pin "x[28]" File: D:/VHDL/projects/carry-look-ahead/CLA.vhd Line: 10
    Warning (15610): No output dependent on input pin "x[29]" File: D:/VHDL/projects/carry-look-ahead/CLA.vhd Line: 10
    Warning (15610): No output dependent on input pin "x[30]" File: D:/VHDL/projects/carry-look-ahead/CLA.vhd Line: 10
    Warning (15610): No output dependent on input pin "x[31]" File: D:/VHDL/projects/carry-look-ahead/CLA.vhd Line: 10
    Warning (15610): No output dependent on input pin "x[32]" File: D:/VHDL/projects/carry-look-ahead/CLA.vhd Line: 10
    Warning (15610): No output dependent on input pin "x[33]" File: D:/VHDL/projects/carry-look-ahead/CLA.vhd Line: 10
    Warning (15610): No output dependent on input pin "x[34]" File: D:/VHDL/projects/carry-look-ahead/CLA.vhd Line: 10
    Warning (15610): No output dependent on input pin "x[35]" File: D:/VHDL/projects/carry-look-ahead/CLA.vhd Line: 10
    Warning (15610): No output dependent on input pin "x[36]" File: D:/VHDL/projects/carry-look-ahead/CLA.vhd Line: 10
    Warning (15610): No output dependent on input pin "x[37]" File: D:/VHDL/projects/carry-look-ahead/CLA.vhd Line: 10
    Warning (15610): No output dependent on input pin "x[38]" File: D:/VHDL/projects/carry-look-ahead/CLA.vhd Line: 10
    Warning (15610): No output dependent on input pin "x[39]" File: D:/VHDL/projects/carry-look-ahead/CLA.vhd Line: 10
    Warning (15610): No output dependent on input pin "x[40]" File: D:/VHDL/projects/carry-look-ahead/CLA.vhd Line: 10
    Warning (15610): No output dependent on input pin "x[41]" File: D:/VHDL/projects/carry-look-ahead/CLA.vhd Line: 10
    Warning (15610): No output dependent on input pin "x[42]" File: D:/VHDL/projects/carry-look-ahead/CLA.vhd Line: 10
    Warning (15610): No output dependent on input pin "x[43]" File: D:/VHDL/projects/carry-look-ahead/CLA.vhd Line: 10
    Warning (15610): No output dependent on input pin "x[44]" File: D:/VHDL/projects/carry-look-ahead/CLA.vhd Line: 10
    Warning (15610): No output dependent on input pin "x[45]" File: D:/VHDL/projects/carry-look-ahead/CLA.vhd Line: 10
    Warning (15610): No output dependent on input pin "x[46]" File: D:/VHDL/projects/carry-look-ahead/CLA.vhd Line: 10
    Warning (15610): No output dependent on input pin "x[47]" File: D:/VHDL/projects/carry-look-ahead/CLA.vhd Line: 10
    Warning (15610): No output dependent on input pin "x[48]" File: D:/VHDL/projects/carry-look-ahead/CLA.vhd Line: 10
    Warning (15610): No output dependent on input pin "x[49]" File: D:/VHDL/projects/carry-look-ahead/CLA.vhd Line: 10
    Warning (15610): No output dependent on input pin "x[50]" File: D:/VHDL/projects/carry-look-ahead/CLA.vhd Line: 10
    Warning (15610): No output dependent on input pin "x[51]" File: D:/VHDL/projects/carry-look-ahead/CLA.vhd Line: 10
    Warning (15610): No output dependent on input pin "x[52]" File: D:/VHDL/projects/carry-look-ahead/CLA.vhd Line: 10
    Warning (15610): No output dependent on input pin "x[53]" File: D:/VHDL/projects/carry-look-ahead/CLA.vhd Line: 10
    Warning (15610): No output dependent on input pin "x[54]" File: D:/VHDL/projects/carry-look-ahead/CLA.vhd Line: 10
    Warning (15610): No output dependent on input pin "x[55]" File: D:/VHDL/projects/carry-look-ahead/CLA.vhd Line: 10
    Warning (15610): No output dependent on input pin "x[56]" File: D:/VHDL/projects/carry-look-ahead/CLA.vhd Line: 10
    Warning (15610): No output dependent on input pin "x[57]" File: D:/VHDL/projects/carry-look-ahead/CLA.vhd Line: 10
    Warning (15610): No output dependent on input pin "x[58]" File: D:/VHDL/projects/carry-look-ahead/CLA.vhd Line: 10
    Warning (15610): No output dependent on input pin "x[59]" File: D:/VHDL/projects/carry-look-ahead/CLA.vhd Line: 10
    Warning (15610): No output dependent on input pin "x[60]" File: D:/VHDL/projects/carry-look-ahead/CLA.vhd Line: 10
    Warning (15610): No output dependent on input pin "x[61]" File: D:/VHDL/projects/carry-look-ahead/CLA.vhd Line: 10
    Warning (15610): No output dependent on input pin "x[62]" File: D:/VHDL/projects/carry-look-ahead/CLA.vhd Line: 10
    Warning (15610): No output dependent on input pin "x[63]" File: D:/VHDL/projects/carry-look-ahead/CLA.vhd Line: 10
    Warning (15610): No output dependent on input pin "y[0]" File: D:/VHDL/projects/carry-look-ahead/CLA.vhd Line: 11
    Warning (15610): No output dependent on input pin "y[1]" File: D:/VHDL/projects/carry-look-ahead/CLA.vhd Line: 11
    Warning (15610): No output dependent on input pin "y[2]" File: D:/VHDL/projects/carry-look-ahead/CLA.vhd Line: 11
    Warning (15610): No output dependent on input pin "y[3]" File: D:/VHDL/projects/carry-look-ahead/CLA.vhd Line: 11
    Warning (15610): No output dependent on input pin "y[4]" File: D:/VHDL/projects/carry-look-ahead/CLA.vhd Line: 11
    Warning (15610): No output dependent on input pin "y[5]" File: D:/VHDL/projects/carry-look-ahead/CLA.vhd Line: 11
    Warning (15610): No output dependent on input pin "y[6]" File: D:/VHDL/projects/carry-look-ahead/CLA.vhd Line: 11
    Warning (15610): No output dependent on input pin "y[7]" File: D:/VHDL/projects/carry-look-ahead/CLA.vhd Line: 11
    Warning (15610): No output dependent on input pin "y[8]" File: D:/VHDL/projects/carry-look-ahead/CLA.vhd Line: 11
    Warning (15610): No output dependent on input pin "y[9]" File: D:/VHDL/projects/carry-look-ahead/CLA.vhd Line: 11
    Warning (15610): No output dependent on input pin "y[10]" File: D:/VHDL/projects/carry-look-ahead/CLA.vhd Line: 11
    Warning (15610): No output dependent on input pin "y[11]" File: D:/VHDL/projects/carry-look-ahead/CLA.vhd Line: 11
    Warning (15610): No output dependent on input pin "y[12]" File: D:/VHDL/projects/carry-look-ahead/CLA.vhd Line: 11
    Warning (15610): No output dependent on input pin "y[13]" File: D:/VHDL/projects/carry-look-ahead/CLA.vhd Line: 11
    Warning (15610): No output dependent on input pin "y[14]" File: D:/VHDL/projects/carry-look-ahead/CLA.vhd Line: 11
    Warning (15610): No output dependent on input pin "y[15]" File: D:/VHDL/projects/carry-look-ahead/CLA.vhd Line: 11
    Warning (15610): No output dependent on input pin "y[16]" File: D:/VHDL/projects/carry-look-ahead/CLA.vhd Line: 11
    Warning (15610): No output dependent on input pin "y[17]" File: D:/VHDL/projects/carry-look-ahead/CLA.vhd Line: 11
    Warning (15610): No output dependent on input pin "y[18]" File: D:/VHDL/projects/carry-look-ahead/CLA.vhd Line: 11
    Warning (15610): No output dependent on input pin "y[19]" File: D:/VHDL/projects/carry-look-ahead/CLA.vhd Line: 11
    Warning (15610): No output dependent on input pin "y[20]" File: D:/VHDL/projects/carry-look-ahead/CLA.vhd Line: 11
    Warning (15610): No output dependent on input pin "y[21]" File: D:/VHDL/projects/carry-look-ahead/CLA.vhd Line: 11
    Warning (15610): No output dependent on input pin "y[22]" File: D:/VHDL/projects/carry-look-ahead/CLA.vhd Line: 11
    Warning (15610): No output dependent on input pin "y[23]" File: D:/VHDL/projects/carry-look-ahead/CLA.vhd Line: 11
    Warning (15610): No output dependent on input pin "y[24]" File: D:/VHDL/projects/carry-look-ahead/CLA.vhd Line: 11
    Warning (15610): No output dependent on input pin "y[25]" File: D:/VHDL/projects/carry-look-ahead/CLA.vhd Line: 11
    Warning (15610): No output dependent on input pin "y[26]" File: D:/VHDL/projects/carry-look-ahead/CLA.vhd Line: 11
    Warning (15610): No output dependent on input pin "y[27]" File: D:/VHDL/projects/carry-look-ahead/CLA.vhd Line: 11
    Warning (15610): No output dependent on input pin "y[28]" File: D:/VHDL/projects/carry-look-ahead/CLA.vhd Line: 11
    Warning (15610): No output dependent on input pin "y[29]" File: D:/VHDL/projects/carry-look-ahead/CLA.vhd Line: 11
    Warning (15610): No output dependent on input pin "y[30]" File: D:/VHDL/projects/carry-look-ahead/CLA.vhd Line: 11
    Warning (15610): No output dependent on input pin "y[31]" File: D:/VHDL/projects/carry-look-ahead/CLA.vhd Line: 11
    Warning (15610): No output dependent on input pin "y[32]" File: D:/VHDL/projects/carry-look-ahead/CLA.vhd Line: 11
    Warning (15610): No output dependent on input pin "y[33]" File: D:/VHDL/projects/carry-look-ahead/CLA.vhd Line: 11
    Warning (15610): No output dependent on input pin "y[34]" File: D:/VHDL/projects/carry-look-ahead/CLA.vhd Line: 11
    Warning (15610): No output dependent on input pin "y[35]" File: D:/VHDL/projects/carry-look-ahead/CLA.vhd Line: 11
    Warning (15610): No output dependent on input pin "y[36]" File: D:/VHDL/projects/carry-look-ahead/CLA.vhd Line: 11
    Warning (15610): No output dependent on input pin "y[37]" File: D:/VHDL/projects/carry-look-ahead/CLA.vhd Line: 11
    Warning (15610): No output dependent on input pin "y[38]" File: D:/VHDL/projects/carry-look-ahead/CLA.vhd Line: 11
    Warning (15610): No output dependent on input pin "y[39]" File: D:/VHDL/projects/carry-look-ahead/CLA.vhd Line: 11
    Warning (15610): No output dependent on input pin "y[40]" File: D:/VHDL/projects/carry-look-ahead/CLA.vhd Line: 11
    Warning (15610): No output dependent on input pin "y[41]" File: D:/VHDL/projects/carry-look-ahead/CLA.vhd Line: 11
    Warning (15610): No output dependent on input pin "y[42]" File: D:/VHDL/projects/carry-look-ahead/CLA.vhd Line: 11
    Warning (15610): No output dependent on input pin "y[43]" File: D:/VHDL/projects/carry-look-ahead/CLA.vhd Line: 11
    Warning (15610): No output dependent on input pin "y[44]" File: D:/VHDL/projects/carry-look-ahead/CLA.vhd Line: 11
    Warning (15610): No output dependent on input pin "y[45]" File: D:/VHDL/projects/carry-look-ahead/CLA.vhd Line: 11
    Warning (15610): No output dependent on input pin "y[46]" File: D:/VHDL/projects/carry-look-ahead/CLA.vhd Line: 11
    Warning (15610): No output dependent on input pin "y[47]" File: D:/VHDL/projects/carry-look-ahead/CLA.vhd Line: 11
    Warning (15610): No output dependent on input pin "y[48]" File: D:/VHDL/projects/carry-look-ahead/CLA.vhd Line: 11
    Warning (15610): No output dependent on input pin "y[49]" File: D:/VHDL/projects/carry-look-ahead/CLA.vhd Line: 11
    Warning (15610): No output dependent on input pin "y[50]" File: D:/VHDL/projects/carry-look-ahead/CLA.vhd Line: 11
    Warning (15610): No output dependent on input pin "y[51]" File: D:/VHDL/projects/carry-look-ahead/CLA.vhd Line: 11
    Warning (15610): No output dependent on input pin "y[52]" File: D:/VHDL/projects/carry-look-ahead/CLA.vhd Line: 11
    Warning (15610): No output dependent on input pin "y[53]" File: D:/VHDL/projects/carry-look-ahead/CLA.vhd Line: 11
    Warning (15610): No output dependent on input pin "y[54]" File: D:/VHDL/projects/carry-look-ahead/CLA.vhd Line: 11
    Warning (15610): No output dependent on input pin "y[55]" File: D:/VHDL/projects/carry-look-ahead/CLA.vhd Line: 11
    Warning (15610): No output dependent on input pin "y[56]" File: D:/VHDL/projects/carry-look-ahead/CLA.vhd Line: 11
    Warning (15610): No output dependent on input pin "y[57]" File: D:/VHDL/projects/carry-look-ahead/CLA.vhd Line: 11
    Warning (15610): No output dependent on input pin "y[58]" File: D:/VHDL/projects/carry-look-ahead/CLA.vhd Line: 11
    Warning (15610): No output dependent on input pin "y[59]" File: D:/VHDL/projects/carry-look-ahead/CLA.vhd Line: 11
    Warning (15610): No output dependent on input pin "y[60]" File: D:/VHDL/projects/carry-look-ahead/CLA.vhd Line: 11
    Warning (15610): No output dependent on input pin "y[61]" File: D:/VHDL/projects/carry-look-ahead/CLA.vhd Line: 11
    Warning (15610): No output dependent on input pin "y[62]" File: D:/VHDL/projects/carry-look-ahead/CLA.vhd Line: 11
    Warning (15610): No output dependent on input pin "y[63]" File: D:/VHDL/projects/carry-look-ahead/CLA.vhd Line: 11
    Warning (15610): No output dependent on input pin "inv" File: D:/VHDL/projects/carry-look-ahead/CLA.vhd Line: 12
Info (21057): Implemented 193 device resources after synthesis - the final resource count might be different
    Info (21058): Implemented 129 input pins
    Info (21059): Implemented 64 output pins
Info: Quartus Prime Analysis & Synthesis was successful. 0 errors, 203 warnings
    Info: Peak virtual memory: 4856 megabytes
    Info: Processing ended: Thu Sep  8 22:32:55 2022
    Info: Elapsed time: 00:00:16
    Info: Total CPU time (on all processors): 00:00:41


